0 102: Java
1 103: Java
2 104: Java
3 105: Java
4 106: Java
5 107: Java
6 108: Java
7 109: Java
8 11: .NET
9 110: Java
10 111: Java
11 112: All
12 113: All
13 114: All
14 115: All
15 116: All
16 117: All
17 118: All
18 119: C C++ Assembly Languages without memory management support
19 12: .NET
20 120: C C++ Assembly
21 121: C C++
22 122: C C++
23 123: C C++
24 124: C C++
25 125: C C++
26 126: C C++
27 127: C C++
28 128: C C++
29 129: C C++ Language-independent
30 
31 130: C C++ All
32 131: C C++
33 134: C C++ Perl Languages that support format strings
34 135: C C++
35 138: Language-independent
36 14: C C++
37 
38 141: All
39 142: All
40 143: All
41 144: All
42 145: All
43 146: Language-independent
44 147: All
45 
46 
47 
48 150: All
49 151: All
50 152: All
51 153: All
52 154: All
53 155: All
54 156: All
55 157: All
56 158: All
57 159: All
58 160: All
59 161: All
60 162: All
61 163: All
62 164: All
63 165: All
64 166: All
65 167: All
66 168: All
67 170: C C++
68 172: All
69 173: All
70 174: All
71 175: All
72 176: All
73 177: All
74 178: All
75 179: All
76 180: All
77 181: All
78 182: All
79 183: All
80 184: All
81 185: All
82 186: All
83 187: All
84 188: C C++
85 190: Language-independent
86 191: C C++ Java .NET
87 193: All
88 194: C C++
89 195: C C++
90 196: C C++
91 197: C C++ Java .NET
92 198: All
93 20: Language-independent
94 200: All
95 201: All
96 202: All
97 203: All
98 204: All
99 205: All
100 206: All
101 207: All
102 208: All
103 209: PHP All
104 210: All
105 211: PHP All
106 212: Language-independent
107 213: All
108 214: All
109 215: All
110 216: All
111 219: All
112 22: Language-independent
113 220: All
114 221: All
115 222: All
116 223: All
117 224: All
118 226: Language-independent
119 
120 
121 
122 23: All
123 230: All
124 231: All
125 232: All
126 
127 234: All
128 235: All
129 236: All
130 
131 238: All
132 239: All
133 24: All
134 240: All
135 241: All
136 242: C C++
137 243: C C++
138 244: C C++
139 245: Java
140 246: Java
141 247: All
142 248: C++ Java .NET
143 25: All
144 250: All
145 252: All
146 253: All
147 256: All
148 257: All
149 258: All
150 259: Language-independent
151 26: All
152 260: All
153 261: All
154 262: All
155 263: All
156 266: All
157 267: All
158 268: All
159 269: All
160 27: All
161 270: All
162 271: All
163 272: All
164 273: All
165 274: All
166 276: All
167 277: All
168 278: All
169 279: All
170 28: All
171 280: All
172 281: All
173 282: All
174 283: All
175 
176 285: Language-independent
177 286: Language-independent
178 287: Language-independent
179 288: All
180 289: All
181 29: All
182 
183 292: All
184 293: All
185 294: All
186 296: All
187 297: All
188 298: All
189 299: All
190 30: All
191 300: All
192 301: All
193 302: All
194 303: All
195 304: All
196 305: All
197 306: Language-independent
198 307: Language-independent
199 308: All
200 309: All
201 31: All
202 311: Language-independent
203 
204 313: All
205 314: All
206 315: All
207 316: All
208 317: All
209 318: All
210 319: Language-independent
211 32: All
212 321: All
213 322: All
214 323: All
215 324: All
216 325: All
217 326: All
218 327: Language-independent
219 328: All
220 329: All
221 33: All
222 330: Language-independent
223 331: All
224 332: All
225 333: All
226 334: All
227 335: All
228 336: All
229 337: All
230 338: All
231 339: All
232 34: All
233 
234 341: All
235 342: All
236 343: All
237 344: All
238 345: All
239 346: All
240 347: All
241 348: All
242 349: All
243 35: All
244 350: All
245 351: All
246 353: All
247 354: All
248 356: All
249 357: All
250 358: All
251 359: All
252 36: All
253 360: All
254 362: C C++ Java Language-independent
255 363: All
256 364: C C++
257 365: C C++ Java .NET
258 366: C C++ Java .NET
259 367: All
260 368: All
261 
262 37: All
263 370: All
264 372: All
265 374: C C++ Java .NET
266 375: C C++ Java .NET
267 377: All
268 378: All
269 379: All
270 38: All
271 382: Java
272 383: Java
273 385: All
274 386: All
275 39: All
276 390: All
277 391: All
278 392: All
279 393: All
280 394: All
281 395: Java
282 396: C++ Java .NET
283 397: C++ Java .NET
284 
285 40: All
286 400: All
287 401: C C++
288 
289 403: All
290 404: All
291 405: All
292 406: All
293 407: Language-independent
294 408: All
295 409: All
296 41: All
297 410: All
298 412: All
299 413: All
300 414: All
301 415: C C++
302 416: C C++
303 419: All
304 42: All
305 420: All
306 421: All
307 422: All
308 424: All
309 425: Language-independent
310 427: Language-independent
311 428: All
312 43: All
313 430: All
314 431: All
315 432: Language-independent
316 433: All
317 434: ASP.NET PHP Language-independent
318 435: All
319 436: All
320 437: All
321 439: All
322 44: All
323 440: All
324 441: All
325 444: All
326 446: All
327 447: All
328 448: All
329 449: All
330 45: All
331 450: All
332 451: All
333 453: PHP All
334 454: PHP Language-independent
335 455: All
336 456: Language-independent
337 457: C C++ Perl All
338 459: All
339 46: All
340 460: C C++ Java .NET
341 462: C C++ Java .NET
342 463: C C++
343 464: C C++
344 466: C C++
345 467: C C++
346 468: C C++
347 469: C C++
348 47: All
349 470: Java PHP Interpreted languages
350 471: All
351 472: All
352 473: PHP
353 474: C PHP All
354 475: All
355 476: C C++ Java .NET
356 477: All
357 478: C C++ Java .NET
358 479: C C++
359 48: All
360 480: C C++ Perl All
361 481: C C++ Java .NET
362 482: C C++
363 483: C C++
364 484: C C++ Java .NET PHP
365 
366 486: Java
367 487: Java
368 488: All
369 489: All
370 49: All
371 491: Java
372 492: Java
373 493: Java C++
374 494: Language-independent
375 495: C C++ Java .NET
376 496: C C++ Java .NET
377 497: All
378 498: C++ Java .NET
379 499: Java
380 5: Java
381 50: All
382 500: C++ Java
383 501: All
384 502: All
385 
386 
387 
388 
389 51: All
390 
391 511: All
392 
393 
394 
395 52: All
396 
397 
398 
399 
400 
401 
402 
403 
404 
405 
406 53: All
407 
408 
409 
410 
411 
412 
413 
414 537: Java
415 538: All
416 
417 54: All
418 
419 
420 
421 543: Java C++
422 
423 545: Java
424 
425 
426 
427 
428 55: All
429 
430 
431 
432 
433 554: .NET
434 
435 
436 558: C C++
437 56: All
438 560: C
439 
440 562: C C++
441 
442 
443 
444 
445 567: Java
446 568: Java
447 57: All
448 570: All
449 571: All
450 572: Java
451 
452 574: Java
453 575: Java
454 576: Java
455 577: Java
456 578: Java
457 579: Java
458 58: All
459 580: Java
460 581: Java
461 582: Java
462 583: Java
463 
464 585: Java
465 586: Java
466 587: C C++ C# Assembly
467 
468 
469 59: All
470 
471 
472 
473 
474 594: Java
475 
476 
477 
478 
479 
480 6: Java
481 
482 601: Language-independent
483 602: All
484 
485 605: All
486 
487 607: Java
488 608: Java
489 609: Java
490 
491 
492 612: All
493 
494 
495 
496 616: PHP
497 
498 
499 619: SQL
500 62: All
501 620: All
502 621: PHP
503 622: All
504 
505 624: PHP Perl
506 625: Perl PHP
507 626: PHP Perl ASP.NET
508 627: PHP Perl
509 628: All
510 636: All
511 637: All
512 638: All
513 639: Language-independent
514 64: All
515 640: All
516 641: All
517 642: All
518 643: All
519 644: All
520 645: All
521 646: Language-independent
522 647: Language-independent
523 648: All
524 649: All
525 65: All
526 650: All
527 651: All
528 652: All
529 653: All
530 654: All
531 655: All
532 656: All
533 
534 66: All
535 
536 
537 
538 665: Language-independent
539 
540 
541 
542 
543 67: All
544 
545 
546 
547 
548 674: All
549 675: All
550 676: C C++
551 681: Language-Independent
552 682: All
553 
554 
555 685: C Perl
556 
557 
558 688: C Perl
559 69: All
560 691: All
561 693: All
562 694: All
563 
564 
565 
566 
567 7: Java
568 703: All
569 704: C C++ All
570 705: All
571 706: All
572 707: All
573 708: All
574 71: All
575 710: All
576 72: All
577 73: All
578 732: Language-independent
579 733: C C++ All Compiled Languages
580 74: All
581 749: Language-Independent
582 75: All
583 754: Language-independent
584 755: Language-Independent
585 
586 
587 
588 
589 76: All
590 
591 
592 762: C C++ Manual Memory Managed Languages
593 
594 
595 
596 766: C++ C# Java
597 767: C++ C# Java
598 
599 77: All
600 770: Language-Independent
601 
602 
603 
604 
605 
606 776: XML
607 
608 778: Language-independent
609 779: Language-independent
610 78: All
611 
612 781: C C++
613 782: C C++
614 783: C C++ Any
615 784: Language-independent
616 785: C C++
617 
618 
619 
620 789: C C++ All
621 79: Language-independent
622 
623 
624 
625 
626 
627 
628 
629 
630 798: Language-independent
631 799: Language-independent
632 
633 80: All
634 804: Language-independent
635 805: C C++ Assembly
636 806: C C++
637 807: Language-independent
638 81: All
639 82: All
640 
641 
642 
643 
644 
645 
646 
647 
648 
649 
650 83: All
651 
652 
653 
654 
655 
656 835: Language-independent
657 836: Language-independent
658 837: Language-independent
659 838: Language-independent
660 839: C C++
661 84: All
662 
663 842: Language-independent
664 843: C C++ Language-independent Type-unsafe Languages
665 85: All
666 86: All
667 862: Language-independent
668 863: Language-independent
669 87: All
670 88: All
671 89: All
672 
673 90: All
674 91: All
675 93: All
676 94: Interpreted languages
677 95: Java Javascript Python Perl PHP Ruby Interpreted Languages
678 96: PHP Perl All Interpreted Languages
679 97: All
680 98: PHP
681 99: All
