['204 Response Discrepancy Information Exposure'  5
['206 Information Exposure of Internal State Through Behavioral Inconsistency'  4
['209 Information Exposure Through an Error Message'  4
['212 Improper Cross-boundary Removal of Sensitive Data'  5
["22 Improper Limitation of a Pathname to a Restricted Directory ('Path Traversal')"  5
['250 Execution with Unnecessary Privileges'  9
['252 Unchecked Return Value'  4
['259 Use of Hard-coded Password'  4
['267 Privilege Defined With Unsafe Actions'  6
['269 Improper Privilege Management'  4
['271 Privilege Dropping / Lowering Errors'  7
['273 Improper Check for Dropped Privileges'  6
['274 Improper Handling of Insufficient Privileges'  5
['276 Incorrect Default Permissions'  4
['278 Insecure Preserved Inherited Permissions'  5
['280 Improper Handling of Insufficient Permissions or Privileges '  8
['282 Improper Ownership Management'  4
['283 Unverified Ownership'  5
['285 Improper Authorization'  12
['286 Incorrect User Management'  5
['288 Authentication Bypass Using an Alternate Path or Channel'  5
["300 Channel Accessible by Non-Endpoint ('Man-in-the-Middle')"  4
['301 Reflection Attack in an Authentication Protocol'  4
['306 Missing Authentication for Critical Function'  4
['311 Missing Encryption of Sensitive Data'  5
['330 Use of Insufficiently Random Values'  6
['356 Product UI does not Warn User of Unsafe Actions'  9
['364 Signal Handler Race Condition'  6
['379 Creation of Temporary File in Directory with Incorrect Permissions'  8
['412 Unrestricted Externally Accessible Lock'  6
['421 Race Condition During Access to Alternate Channel'  4
["422 Unprotected Windows Messaging Channel ('Shatter')"  5
['433 Unparsed Raw Web Content Delivery'  4
['441 Unintended Proxy/Intermediary'  4
['446 UI Discrepancy for Security Feature'  4
['451 UI Misrepresentation of Critical Information'  5
['515 Covert Storage Channel'  4
['521 Weak Password Requirements'  5
['532 Information Exposure Through Log Files'  5
["601 URL Redirection to Untrusted Site ('Open Redirect')"  7
['612 Information Exposure Through Indexing of Private Data'  4
['62 UNIX Hard Link'  4
['638 Not Using Complete Mediation'  4
['639 Authorization Bypass Through User-Controlled Key'  5
['640 Weak Password Recovery Mechanism for Forgotten Password'  10
['642 External Control of Critical State Data'  7
['645 Overly Restrictive Account Lockout Mechanism'  11
['646 Reliance on File Name or Extension of Externally-Supplied File'  4
['648 Incorrect Use of Privileged APIs'  6
['649 Reliance on Obfuscation or Encryption of Security-Relevant Inputs without Integrity Checking'  4
["652 Improper Neutralization of Data within XQuery Expressions ('XQuery Injection')"  5
['668 Exposure of Resource to Wrong Sphere'  4
['671 Lack of Administrator Control over Security'  4
['708 Incorrect Ownership Assignment'  6
['732 Incorrect Permission Assignment for Critical Resource'  13
["757 Selection of Less-Secure Algorithm During Negotiation ('Algorithm Downgrade')"  4
["78 Improper Neutralization of Special Elements used in an OS Command ('OS Command Injection')"  6
['782 Exposed IOCTL with Insufficient Access Control'  5
['784 Reliance on Cookies without Validation and Integrity Checking in a Security Decision'  5
['798 Use of Hard-coded Credentials'  11
['799 Improper Control of Interaction Frequency'  4
['807 Reliance on Untrusted Inputs in a Security Decision'  10
['827 Improper Control of Document Type Definition'  5
['837 Improper Enforcement of a Single Unique Action'  8
['841 Improper Enforcement of Behavioral Workflow'  7
['842 Placement of User into Incorrect Group'  12
['862 Missing Authorization'  11
['863 Incorrect Authorization'  10
['9 J2EE Misconfiguration: Weak Access Permissions for EJB Methods'  4
