0 102::101:Struts Validation Problems::694:Use of Multiple Resources with Duplicate Identifier::20:Improper Input Validation::722:OWASP Top Ten 2004 Category A1 - Unvalidated Input
1 103::101:Struts Validation Problems::573:Improper Following of Specification by Caller::20:Improper Input Validation::722:OWASP Top Ten 2004 Category A1 - Unvalidated Input
2 104::573:Improper Following of Specification by Caller::101:Struts Validation Problems::20:Improper Input Validation::722:OWASP Top Ten 2004 Category A1 - Unvalidated Input
3 105::101:Struts Validation Problems::20:Improper Input Validation
4 106::101:Struts Validation Problems::693:Protection Mechanism Failure::20:Improper Input Validation::722:OWASP Top Ten 2004 Category A1 - Unvalidated Input
5 107::101:Struts Validation Problems::398:Indicator of Poor Code Quality::20:Improper Input Validation
6 108::20:Improper Input Validation::101:Struts Validation Problems
7 109::101:Struts Validation Problems::693:Protection Mechanism Failure::20:Improper Input Validation::722:OWASP Top Ten 2004 Category A1 - Unvalidated Input
8 11::215:Information Exposure Through Debug Information::10:ASP.NET Environment Issues::2:Environment
9 110::101:Struts Validation Problems::398:Indicator of Poor Code Quality::20:Improper Input Validation
10 111::695:Use of Low-Level Functionality::20:Improper Input Validation::859:CERT Java Secure Coding Section 14 - Platform Security (SEC)
11 112::20:Improper Input Validation
12 113::93:Improper Neutralization of CRLF Sequences ('CRLF Injection')::442:Web Problems::20:Improper Input Validation
13 114::20:Improper Input Validation::634:Weaknesses that Affect System Processes
14 115::436:Interpretation Conflict
15 116::707:Improper Enforcement of Message or Data Structure::19:Data Handling::751:2009 Top 25 - Insecure Interaction Between Components::845:CERT Java Secure Coding Section 00 - Input Validation and Data Sanitization (IDS)::883:CERT C++ Secure Coding Section 49 - Miscellaneous (MSC)
16 117::116:Improper Encoding or Escaping of Output::20:Improper Input Validation::727:OWASP Top Ten 2004 Category A6 - Injection Flaws
17 118::19:Data Handling
18 119::118:Improper Access of Indexable Resource ('Range Error')::20:Improper Input Validation::726:OWASP Top Ten 2004 Category A5 - Buffer Overflows::633:Weaknesses that Affect Memory::740:CERT C Secure Coding Section 06 - Arrays (ARR)::741:CERT C Secure Coding Section 07 - Characters and Strings (STR)::742:CERT C Secure Coding Section 08 - Memory Management (MEM)::743:CERT C Secure Coding Section 09 - Input Output (FIO)::744:CERT C Secure Coding Section 10 - Environment (ENV)::752:2009 Top 25 - Risky Resource Management::874:CERT C++ Secure Coding Section 06 - Arrays and the STL (ARR)::875:CERT C++ Secure Coding Section 07 - Characters and Strings (STR)::876:CERT C++ Secure Coding Section 08 - Memory Management (MEM)::877:CERT C++ Secure Coding Section 09 - Input Output (FIO)::878:CERT C++ Secure Coding Section 10 - Environment (ENV)
19 12::10:ASP.NET Environment Issues::756:Missing Custom Error Page::2:Environment
20 120::865:2011 Top 25 - Risky Resource Management::802:2010 Top 25 - Risky Resource Management::119:Improper Restriction of Operations within the Bounds of a Memory Buffer::722:OWASP Top Ten 2004 Category A1 - Unvalidated Input::726:OWASP Top Ten 2004 Category A5 - Buffer Overflows::633:Weaknesses that Affect Memory::20:Improper Input Validation::741:CERT C Secure Coding Section 07 - Characters and Strings (STR)::875:CERT C++ Secure Coding Section 07 - Characters and Strings (STR)
21 121::788:Access of Memory Location After End of Buffer::787:Out-of-bounds Write
22 122::788:Access of Memory Location After End of Buffer::787:Out-of-bounds Write::633:Weaknesses that Affect Memory
23 123::119:Improper Restriction of Operations within the Bounds of a Memory Buffer
24 124::786:Access of Memory Location Before Start of Buffer::787:Out-of-bounds Write
25 125::119:Improper Restriction of Operations within the Bounds of a Memory Buffer
26 126::125:Out-of-bounds Read::788:Access of Memory Location After End of Buffer
27 127::125:Out-of-bounds Read::786:Access of Memory Location Before Start of Buffer
28 128::682:Incorrect Calculation::189:Numeric Errors::742:CERT C Secure Coding Section 08 - Memory Management (MEM)::876:CERT C++ Secure Coding Section 08 - Memory Management (MEM)
29 129::867:2011 Top 25 - Weaknesses On the Cusp::802:2010 Top 25 - Risky Resource Management::20:Improper Input Validation::189:Numeric Errors::633:Weaknesses that Affect Memory::738:CERT C Secure Coding Section 04 - Integers (INT)::740:CERT C Secure Coding Section 06 - Arrays (ARR)::872:CERT C++ Secure Coding Section 04 - Integers (INT)::874:CERT C++ Secure Coding Section 06 - Arrays and the STL (ARR)
30 13::10:ASP.NET Environment Issues::260:Password in Configuration File::2:Environment
31 130::240:Improper Handling of Inconsistent Structural Elements::119:Improper Restriction of Operations within the Bounds of a Memory Buffer
32 131::865:2011 Top 25 - Risky Resource Management::802:2010 Top 25 - Risky Resource Management::682:Incorrect Calculation::742:CERT C Secure Coding Section 08 - Memory Management (MEM)::876:CERT C++ Secure Coding Section 08 - Memory Management (MEM)
33 134::865:2011 Top 25 - Risky Resource Management::808:2010 Top 25 - Weaknesses On the Cusp::133:String Errors::74:Improper Neutralization of Special Elements in Output Used by a Downstream Component ('Injection')::726:OWASP Top Ten 2004 Category A5 - Buffer Overflows::20:Improper Input Validation::633:Weaknesses that Affect Memory::743:CERT C Secure Coding Section 09 - Input Output (FIO)::845:CERT Java Secure Coding Section 00 - Input Validation and Data Sanitization (IDS)::877:CERT C++ Secure Coding Section 09 - Input Output (FIO)
34 135::682:Incorrect Calculation::133:String Errors::741:CERT C Secure Coding Section 07 - Characters and Strings (STR)::857:CERT Java Secure Coding Section 12 - Input Output (FIO)
35 138::707:Improper Enforcement of Message or Data Structure::74:Improper Neutralization of Special Elements in Output Used by a Downstream Component ('Injection')::137:Representation Errors
36 14::503:Byte/Object Code::733:Compiler Optimization Removal or Modification of Security-critical Code::729:OWASP Top Ten 2004 Category A8 - Insecure Storage::633:Weaknesses that Affect Memory::2:Environment::747:CERT C Secure Coding Section 49 - Miscellaneous (MSC)::883:CERT C++ Secure Coding Section 49 - Miscellaneous (MSC)
37 140::138:Improper Neutralization of Special Elements
38 141::140:Improper Neutralization of Delimiters
39 142::140:Improper Neutralization of Delimiters
40 143::140:Improper Neutralization of Delimiters
41 144::140:Improper Neutralization of Delimiters::845:CERT Java Secure Coding Section 00 - Input Validation and Data Sanitization (IDS)
42 145::140:Improper Neutralization of Delimiters
43 146::140:Improper Neutralization of Delimiters
44 147::138:Improper Neutralization of Special Elements
45 148::138:Improper Neutralization of Special Elements
46 149::138:Improper Neutralization of Special Elements
47 15::642:External Control of Critical State Data::610:Externally Controlled Reference to a Resource in Another Sphere::2:Environment::20:Improper Input Validation::860:CERT Java Secure Coding Section 15 - Runtime Environment (ENV)
48 150::138:Improper Neutralization of Special Elements::845:CERT Java Secure Coding Section 00 - Input Validation and Data Sanitization (IDS)
49 151::138:Improper Neutralization of Special Elements
50 152::138:Improper Neutralization of Special Elements
51 153::138:Improper Neutralization of Special Elements
52 154::138:Improper Neutralization of Special Elements
53 155::138:Improper Neutralization of Special Elements
54 156::138:Improper Neutralization of Special Elements
55 157::138:Improper Neutralization of Special Elements
56 158::138:Improper Neutralization of Special Elements
57 159::138:Improper Neutralization of Special Elements
58 160::159:Failure to Sanitize Special Element
59 161::160:Improper Neutralization of Leading Special Elements
60 162::159:Failure to Sanitize Special Element
61 163::162:Improper Neutralization of Trailing Special Elements
62 164::159:Failure to Sanitize Special Element
63 165::164:Improper Neutralization of Internal Special Elements
64 166::159:Failure to Sanitize Special Element::703:Improper Check or Handling of Exceptional Conditions::722:OWASP Top Ten 2004 Category A1 - Unvalidated Input
65 167::159:Failure to Sanitize Special Element::703:Improper Check or Handling of Exceptional Conditions::722:OWASP Top Ten 2004 Category A1 - Unvalidated Input
66 168::159:Failure to Sanitize Special Element::703:Improper Check or Handling of Exceptional Conditions
67 170::707:Improper Enforcement of Message or Data Structure::169:Technology-Specific Special Elements::730:OWASP Top Ten 2004 Category A9 - Denial of Service::20:Improper Input Validation::741:CERT C Secure Coding Section 07 - Characters and Strings (STR)::748:CERT C Secure Coding Section 50 - POSIX (POS)::875:CERT C++ Secure Coding Section 07 - Characters and Strings (STR)
68 172::707:Improper Enforcement of Message or Data Structure::171:Cleansing, Canonicalization, and Comparison Errors
69 173::172:Encoding Error
70 174::172:Encoding Error::675:Duplicate Operations on Resource
71 175::172:Encoding Error
72 176::172:Encoding Error::747:CERT C Secure Coding Section 49 - Miscellaneous (MSC)::883:CERT C++ Secure Coding Section 49 - Miscellaneous (MSC)
73 177::172:Encoding Error
74 178::706:Use of Incorrectly-Resolved Name or Reference::171:Cleansing, Canonicalization, and Comparison Errors::632:Weaknesses that Affect Files or Directories
75 179::171:Cleansing, Canonicalization, and Comparison Errors::693:Protection Mechanism Failure::696:Incorrect Behavior Order::722:OWASP Top Ten 2004 Category A1 - Unvalidated Input
76 180::171:Cleansing, Canonicalization, and Comparison Errors::179:Incorrect Behavior Order: Early Validation::722:OWASP Top Ten 2004 Category A1 - Unvalidated Input::845:CERT Java Secure Coding Section 00 - Input Validation and Data Sanitization (IDS)
77 181::171:Cleansing, Canonicalization, and Comparison Errors::179:Incorrect Behavior Order: Early Validation::722:OWASP Top Ten 2004 Category A1 - Unvalidated Input
78 182::171:Cleansing, Canonicalization, and Comparison Errors::693:Protection Mechanism Failure::722:OWASP Top Ten 2004 Category A1 - Unvalidated Input::845:CERT Java Secure Coding Section 00 - Input Validation and Data Sanitization (IDS)
79 183::171:Cleansing, Canonicalization, and Comparison Errors::693:Protection Mechanism Failure::697:Insufficient Comparison::722:OWASP Top Ten 2004 Category A1 - Unvalidated Input
80 184::171:Cleansing, Canonicalization, and Comparison Errors::693:Protection Mechanism Failure::697:Insufficient Comparison
81 185::697:Insufficient Comparison::171:Cleansing, Canonicalization, and Comparison Errors
82 186::185:Incorrect Regular Expression
83 187::171:Cleansing, Canonicalization, and Comparison Errors::697:Insufficient Comparison
84 188::758:Reliance on Undefined, Unspecified, or Implementation-Defined Behavior::435:Interaction Error::137:Representation Errors
85 190::865:2011 Top 25 - Risky Resource Management::802:2010 Top 25 - Risky Resource Management::682:Incorrect Calculation::189:Numeric Errors::20:Improper Input Validation::738:CERT C Secure Coding Section 04 - Integers (INT)::742:CERT C Secure Coding Section 08 - Memory Management (MEM)::872:CERT C++ Secure Coding Section 04 - Integers (INT)::876:CERT C++ Secure Coding Section 08 - Memory Management (MEM)
86 191::682:Incorrect Calculation
87 193::682:Incorrect Calculation::741:CERT C Secure Coding Section 07 - Characters and Strings (STR)::875:CERT C++ Secure Coding Section 07 - Characters and Strings (STR)
88 194::681:Incorrect Conversion between Numeric Types
89 195::681:Incorrect Conversion between Numeric Types::189:Numeric Errors
90 196::681:Incorrect Conversion between Numeric Types
91 197::681:Incorrect Conversion between Numeric Types::738:CERT C Secure Coding Section 04 - Integers (INT)::848:CERT Java Secure Coding Section 03 - Numeric Types and Operations (NUM)::872:CERT C++ Secure Coding Section 04 - Integers (INT)
92 198::188:Reliance on Data/Memory Layout::189:Numeric Errors::857:CERT Java Secure Coding Section 12 - Input Output (FIO)
93 20::693:Protection Mechanism Failure::19:Data Handling::722:OWASP Top Ten 2004 Category A1 - Unvalidated Input::751:2009 Top 25 - Insecure Interaction Between Components::738:CERT C Secure Coding Section 04 - Integers (INT)::742:CERT C Secure Coding Section 08 - Memory Management (MEM)::746:CERT C Secure Coding Section 12 - Error Handling (ERR)::747:CERT C Secure Coding Section 49 - Miscellaneous (MSC)::872:CERT C++ Secure Coding Section 04 - Integers (INT)::876:CERT C++ Secure Coding Section 08 - Memory Management (MEM)::883:CERT C++ Secure Coding Section 49 - Miscellaneous (MSC)
94 200::668:Exposure of Resource to Wrong Sphere::199:Information Management Errors::717:OWASP Top Ten 2007 Category A6 - Information Leakage and Improper Error Handling::840:Business Logic Errors
95 201::200:Information Exposure
96 202::359:Privacy Violation::200:Information Exposure
97 203::200:Information Exposure::717:OWASP Top Ten 2007 Category A6 - Information Leakage and Improper Error Handling::728:OWASP Top Ten 2004 Category A7 - Improper Error Handling
98 204::203:Information Exposure Through Discrepancy
99 205::203:Information Exposure Through Discrepancy
100 206::205:Information Exposure Through Behavioral Discrepancy
101 207::205:Information Exposure Through Behavioral Discrepancy
102 208::203:Information Exposure Through Discrepancy
103 209::867:2011 Top 25 - Weaknesses On the Cusp::801:2010 Top 25 - Insecure Interaction Between Components::200:Information Exposure::755:Improper Handling of Exceptional Conditions::731:OWASP Top Ten 2004 Category A10 - Insecure Configuration Management::815:OWASP Top Ten 2010 Category A6 - Security Misconfiguration::717:OWASP Top Ten 2007 Category A6 - Information Leakage and Improper Error Handling::728:OWASP Top Ten 2004 Category A7 - Improper Error Handling::751:2009 Top 25 - Insecure Interaction Between Components::851:CERT Java Secure Coding Section 06 - Exceptional Behavior (ERR)::880:CERT C++ Secure Coding Section 12 - Exceptions and Error Handling (ERR)
104 210::209:Information Exposure Through an Error Message
105 211::209:Information Exposure Through an Error Message
106 212::867:2011 Top 25 - Weaknesses On the Cusp::808:2010 Top 25 - Weaknesses On the Cusp::200:Information Exposure::669:Incorrect Resource Transfer Between Spheres
107 213::200:Information Exposure
108 214::200:Information Exposure::634:Weaknesses that Affect System Processes
109 215::200:Information Exposure::731:OWASP Top Ten 2004 Category A10 - Insecure Configuration Management::717:OWASP Top Ten 2007 Category A6 - Information Leakage and Improper Error Handling::861:CERT Java Secure Coding Section 49 - Miscellaneous (MSC)
110 216::485:Insufficient Encapsulation::199:Information Management Errors
111 219::216:Containment Errors (Container Errors)::285:Improper Authorization::731:OWASP Top Ten 2004 Category A10 - Insecure Configuration Management::815:OWASP Top Ten 2010 Category A6 - Security Misconfiguration
112 22::865:2011 Top 25 - Risky Resource Management::802:2010 Top 25 - Risky Resource Management::21:Pathname Traversal and Equivalence Errors::706:Use of Incorrectly-Resolved Name or Reference::668:Exposure of Resource to Wrong Sphere::632:Weaknesses that Affect Files or Directories::715:OWASP Top Ten 2007 Category A4 - Insecure Direct Object Reference::723:OWASP Top Ten 2004 Category A2 - Broken Access Control::743:CERT C Secure Coding Section 09 - Input Output (FIO)::813:OWASP Top Ten 2010 Category A4 - Insecure Direct Object References::877:CERT C++ Secure Coding Section 09 - Input Output (FIO)
113 220::216:Containment Errors (Container Errors)::668:Exposure of Resource to Wrong Sphere
114 221::664:Improper Control of a Resource Through its Lifetime::199:Information Management Errors
115 222::221:Information Loss or Omission
116 223::221:Information Loss or Omission
117 224::221:Information Loss or Omission
118 226::200:Information Exposure::459:Incomplete Cleanup::633:Weaknesses that Affect Memory::742:CERT C Secure Coding Section 08 - Memory Management (MEM)::729:OWASP Top Ten 2004 Category A8 - Insecure Storage::861:CERT Java Secure Coding Section 49 - Miscellaneous (MSC)::876:CERT C++ Secure Coding Section 08 - Memory Management (MEM)
119 227::710:Coding Standards Violation::18:Source Code
120 228::703:Improper Check or Handling of Exceptional Conditions::707:Improper Enforcement of Message or Data Structure::19:Data Handling::137:Representation Errors::728:OWASP Top Ten 2004 Category A7 - Improper Error Handling
121 229::228:Improper Handling of Syntactically Invalid Structure
122 23::22:Improper Limitation of a Pathname to a Restricted Directory ('Path Traversal')
123 230::229:Improper Handling of Values::851:CERT Java Secure Coding Section 06 - Exceptional Behavior (ERR)
124 231::229:Improper Handling of Values
125 232::229:Improper Handling of Values::851:CERT Java Secure Coding Section 06 - Exceptional Behavior (ERR)
126 233::228:Improper Handling of Syntactically Invalid Structure
127 234::233:Parameter Problems
128 235::233:Parameter Problems
129 236::233:Parameter Problems
130 237::228:Improper Handling of Syntactically Invalid Structure
131 238::237:Improper Handling of Structural Elements
132 239::237:Improper Handling of Structural Elements
133 24::23:Relative Path Traversal
134 240::237:Improper Handling of Structural Elements::707:Improper Enforcement of Message or Data Structure
135 241::228:Improper Handling of Syntactically Invalid Structure::743:CERT C Secure Coding Section 09 - Input Output (FIO)::877:CERT C++ Secure Coding Section 09 - Input Output (FIO)
136 242::710:Coding Standards Violation::227:Improper Fulfillment of API Contract ('API Abuse')::748:CERT C Secure Coding Section 50 - POSIX (POS)
137 243::573:Improper Following of Specification by Caller::669:Incorrect Resource Transfer Between Spheres::632:Weaknesses that Affect Files or Directories::227:Improper Fulfillment of API Contract ('API Abuse')
138 244::226:Sensitive Information Uncleared Before Release::633:Weaknesses that Affect Memory::227:Improper Fulfillment of API Contract ('API Abuse')::742:CERT C Secure Coding Section 08 - Memory Management (MEM)::876:CERT C++ Secure Coding Section 08 - Memory Management (MEM)
139 245::695:Use of Low-Level Functionality::227:Improper Fulfillment of API Contract ('API Abuse')
140 246::695:Use of Low-Level Functionality::227:Improper Fulfillment of API Contract ('API Abuse')
141 247::345:Insufficient Verification of Data Authenticity::807:Reliance on Untrusted Inputs in a Security Decision::227:Improper Fulfillment of API Contract ('API Abuse')
142 248::705:Incorrect Control Flow Scoping::703:Improper Check or Handling of Exceptional Conditions::389:Error Conditions, Return Values, Status Codes::227:Improper Fulfillment of API Contract ('API Abuse')::730:OWASP Top Ten 2004 Category A9 - Denial of Service::851:CERT Java Secure Coding Section 06 - Exceptional Behavior (ERR)
143 25::23:Relative Path Traversal
144 250::866:2011 Top 25 - Porous Defenses::657:Violation of Secure Design Principles::269:Improper Privilege Management::227:Improper Fulfillment of API Contract ('API Abuse')::265:Privilege / Sandbox Issues::753:2009 Top 25 - Porous Defenses::858:CERT Java Secure Coding Section 13 - Serialization (SER)::815:OWASP Top Ten 2010 Category A6 - Security Misconfiguration
145 252::754:Improper Check for Unusual or Exceptional Conditions::227:Improper Fulfillment of API Contract ('API Abuse')::389:Error Conditions, Return Values, Status Codes::728:OWASP Top Ten 2004 Category A7 - Improper Error Handling::742:CERT C Secure Coding Section 08 - Memory Management (MEM)::847:CERT Java Secure Coding Section 02 - Expressions (EXP)::876:CERT C++ Secure Coding Section 08 - Memory Management (MEM)
146 253::573:Improper Following of Specification by Caller::754:Improper Check for Unusual or Exceptional Conditions::227:Improper Fulfillment of API Contract ('API Abuse')::389:Error Conditions, Return Values, Status Codes
147 256::522:Insufficiently Protected Credentials::254:Security Features::861:CERT Java Secure Coding Section 49 - Miscellaneous (MSC)
148 257::522:Insufficiently Protected Credentials
149 258::260:Password in Configuration File::521:Weak Password Requirements::254:Security Features
150 259::798:Use of Hard-coded Credentials::724:OWASP Top Ten 2004 Category A3 - Broken Authentication and Session Management::254:Security Features::753:2009 Top 25 - Porous Defenses::861:CERT Java Secure Coding Section 49 - Miscellaneous (MSC)
151 26::23:Relative Path Traversal
152 260::522:Insufficiently Protected Credentials::254:Security Features::632:Weaknesses that Affect Files or Directories
153 261::287:Improper Authentication::255:Credentials Management::326:Inadequate Encryption Strength::729:OWASP Top Ten 2004 Category A8 - Insecure Storage::254:Security Features
154 262::287:Improper Authentication::404:Improper Resource Shutdown or Release::255:Credentials Management
155 263::287:Improper Authentication::255:Credentials Management::404:Improper Resource Shutdown or Release
156 266::269:Improper Privilege Management::265:Privilege / Sandbox Issues::634:Weaknesses that Affect System Processes::723:OWASP Top Ten 2004 Category A2 - Broken Access Control::859:CERT Java Secure Coding Section 14 - Platform Security (SEC)
157 267::269:Improper Privilege Management::265:Privilege / Sandbox Issues
158 268::269:Improper Privilege Management::265:Privilege / Sandbox Issues::723:OWASP Top Ten 2004 Category A2 - Broken Access Control
159 269::284:Improper Access Control::265:Privilege / Sandbox Issues
160 27::23:Relative Path Traversal
161 270::269:Improper Privilege Management
162 271::269:Improper Privilege Management::265:Privilege / Sandbox Issues
163 272::271:Privilege Dropping / Lowering Errors::254:Security Features::748:CERT C Secure Coding Section 50 - POSIX (POS)::859:CERT Java Secure Coding Section 14 - Platform Security (SEC)
164 273::754:Improper Check for Unusual or Exceptional Conditions::271:Privilege Dropping / Lowering Errors::634:Weaknesses that Affect System Processes::748:CERT C Secure Coding Section 50 - POSIX (POS)
165 274::265:Privilege / Sandbox Issues::703:Improper Check or Handling of Exceptional Conditions::269:Improper Privilege Management
166 276::732:Incorrect Permission Assignment for Critical Resource::275:Permission Issues::743:CERT C Secure Coding Section 09 - Input Output (FIO)::857:CERT Java Secure Coding Section 12 - Input Output (FIO)::877:CERT C++ Secure Coding Section 09 - Input Output (FIO)
167 277::732:Incorrect Permission Assignment for Critical Resource::275:Permission Issues
168 278::732:Incorrect Permission Assignment for Critical Resource::275:Permission Issues
169 279::732:Incorrect Permission Assignment for Critical Resource::275:Permission Issues::743:CERT C Secure Coding Section 09 - Input Output (FIO)::857:CERT Java Secure Coding Section 12 - Input Output (FIO)::877:CERT C++ Secure Coding Section 09 - Input Output (FIO)
170 28::23:Relative Path Traversal
171 280::275:Permission Issues::703:Improper Check or Handling of Exceptional Conditions
172 281::275:Permission Issues::732:Incorrect Permission Assignment for Critical Resource
173 282::284:Improper Access Control::264:Permissions, Privileges, and Access Controls::632:Weaknesses that Affect Files or Directories::840:Business Logic Errors
174 283::282:Improper Ownership Management::723:OWASP Top Ten 2004 Category A2 - Broken Access Control
175 284::693:Protection Mechanism Failure::664:Improper Control of a Resource Through its Lifetime::264:Permissions, Privileges, and Access Controls::632:Weaknesses that Affect Files or Directories::723:OWASP Top Ten 2004 Category A2 - Broken Access Control
176 285::803:2010 Top 25 - Porous Defenses::284:Improper Access Control::254:Security Features::721:OWASP Top Ten 2007 Category A10 - Failure to Restrict URL Access::723:OWASP Top Ten 2004 Category A2 - Broken Access Control::753:2009 Top 25 - Porous Defenses::817:OWASP Top Ten 2010 Category A8 - Failure to Restrict URL Access::840:Business Logic Errors
177 286::284:Improper Access Control
178 287::284:Improper Access Control::254:Security Features::718:OWASP Top Ten 2007 Category A7 - Broken Authentication and Session Management::724:OWASP Top Ten 2004 Category A3 - Broken Authentication and Session Management::812:OWASP Top Ten 2010 Category A3 - Broken Authentication and Session Management
179 288::592:Authentication Bypass Issues::721:OWASP Top Ten 2007 Category A10 - Failure to Restrict URL Access::840:Business Logic Errors
180 289::592:Authentication Bypass Issues::845:CERT Java Secure Coding Section 00 - Input Validation and Data Sanitization (IDS)
181 29::23:Relative Path Traversal
182 290::592:Authentication Bypass Issues
183 292::290:Authentication Bypass by Spoofing
184 293::290:Authentication Bypass by Spoofing
185 294::592:Authentication Bypass Issues
186 296::573:Improper Following of Specification by Caller::754:Improper Check for Unusual or Exceptional Conditions::295:Certificate Issues::724:OWASP Top Ten 2004 Category A3 - Broken Authentication and Session Management
187 297::345:Insufficient Verification of Data Authenticity::754:Improper Check for Unusual or Exceptional Conditions::295:Certificate Issues
188 298::672:Operation on a Resource after Expiration or Release::754:Improper Check for Unusual or Exceptional Conditions::295:Certificate Issues::724:OWASP Top Ten 2004 Category A3 - Broken Authentication and Session Management
189 299::404:Improper Resource Shutdown or Release::754:Improper Check for Unusual or Exceptional Conditions::295:Certificate Issues
190 30::23:Relative Path Traversal
191 300::287:Improper Authentication::859:CERT Java Secure Coding Section 14 - Platform Security (SEC)
192 301::287:Improper Authentication::718:OWASP Top Ten 2007 Category A7 - Broken Authentication and Session Management
193 302::592:Authentication Bypass Issues::807:Reliance on Untrusted Inputs in a Security Decision::724:OWASP Top Ten 2004 Category A3 - Broken Authentication and Session Management::859:CERT Java Secure Coding Section 14 - Platform Security (SEC)
194 303::287:Improper Authentication
195 304::287:Improper Authentication::573:Improper Following of Specification by Caller::724:OWASP Top Ten 2004 Category A3 - Broken Authentication and Session Management
196 305::592:Authentication Bypass Issues
197 306::866:2011 Top 25 - Porous Defenses::803:2010 Top 25 - Porous Defenses::287:Improper Authentication::812:OWASP Top Ten 2010 Category A3 - Broken Authentication and Session Management
198 307::866:2011 Top 25 - Porous Defenses::808:2010 Top 25 - Weaknesses On the Cusp::287:Improper Authentication::799:Improper Control of Interaction Frequency::724:OWASP Top Ten 2004 Category A3 - Broken Authentication and Session Management::812:OWASP Top Ten 2010 Category A3 - Broken Authentication and Session Management
199 308::287:Improper Authentication::654:Reliance on a Single Factor in a Security Decision
200 309::287:Improper Authentication::654:Reliance on a Single Factor in a Security Decision::724:OWASP Top Ten 2004 Category A3 - Broken Authentication and Session Management
201 31::23:Relative Path Traversal
202 311::866:2011 Top 25 - Porous Defenses::803:2010 Top 25 - Porous Defenses::310:Cryptographic Issues::693:Protection Mechanism Failure::719:OWASP Top Ten 2007 Category A8 - Insecure Cryptographic Storage::720:OWASP Top Ten 2007 Category A9 - Insecure Communications::729:OWASP Top Ten 2004 Category A8 - Insecure Storage::861:CERT Java Secure Coding Section 49 - Miscellaneous (MSC)::816:OWASP Top Ten 2010 Category A7 - Insecure Cryptographic Storage::818:OWASP Top Ten 2010 Category A9 - Insufficient Transport Layer Protection
203 312::311:Missing Encryption of Sensitive Data::816:OWASP Top Ten 2010 Category A7 - Insecure Cryptographic Storage
204 313::312:Cleartext Storage of Sensitive Information
205 314::312:Cleartext Storage of Sensitive Information
206 315::312:Cleartext Storage of Sensitive Information
207 316::312:Cleartext Storage of Sensitive Information::633:Weaknesses that Affect Memory
208 317::312:Cleartext Storage of Sensitive Information
209 318::312:Cleartext Storage of Sensitive Information
210 319::311:Missing Encryption of Sensitive Data::751:2009 Top 25 - Insecure Interaction Between Components::818:OWASP Top Ten 2010 Category A9 - Insufficient Transport Layer Protection::859:CERT Java Secure Coding Section 14 - Platform Security (SEC)::858:CERT Java Secure Coding Section 13 - Serialization (SER)
211 32::23:Relative Path Traversal
212 321::320:Key Management Errors::798:Use of Hard-coded Credentials::729:OWASP Top Ten 2004 Category A8 - Insecure Storage::719:OWASP Top Ten 2007 Category A8 - Insecure Cryptographic Storage::720:OWASP Top Ten 2007 Category A9 - Insecure Communications
213 322::320:Key Management Errors::287:Improper Authentication::345:Insufficient Verification of Data Authenticity
214 323::320:Key Management Errors::344:Use of Invariant Value in Dynamically Changing Context
215 324::672:Operation on a Resource after Expiration or Release::320:Key Management Errors
216 325::310:Cryptographic Issues::573:Improper Following of Specification by Caller::719:OWASP Top Ten 2007 Category A8 - Insecure Cryptographic Storage::720:OWASP Top Ten 2007 Category A9 - Insecure Communications
217 326::310:Cryptographic Issues::693:Protection Mechanism Failure::729:OWASP Top Ten 2004 Category A8 - Insecure Storage::719:OWASP Top Ten 2007 Category A8 - Insecure Cryptographic Storage::720:OWASP Top Ten 2007 Category A9 - Insecure Communications::816:OWASP Top Ten 2010 Category A7 - Insecure Cryptographic Storage
218 327::866:2011 Top 25 - Porous Defenses::803:2010 Top 25 - Porous Defenses::693:Protection Mechanism Failure::310:Cryptographic Issues::729:OWASP Top Ten 2004 Category A8 - Insecure Storage::753:2009 Top 25 - Porous Defenses::816:OWASP Top Ten 2010 Category A7 - Insecure Cryptographic Storage::861:CERT Java Secure Coding Section 49 - Miscellaneous (MSC)::883:CERT C++ Secure Coding Section 49 - Miscellaneous (MSC)
219 328::326:Inadequate Encryption Strength::327:Use of a Broken or Risky Cryptographic Algorithm::310:Cryptographic Issues
220 329::310:Cryptographic Issues::330:Use of Insufficiently Random Values::573:Improper Following of Specification by Caller
221 33::23:Relative Path Traversal
222 330::867:2011 Top 25 - Weaknesses On the Cusp::808:2010 Top 25 - Weaknesses On the Cusp::254:Security Features::723:OWASP Top Ten 2004 Category A2 - Broken Access Control::747:CERT C Secure Coding Section 49 - Miscellaneous (MSC)::753:2009 Top 25 - Porous Defenses::861:CERT Java Secure Coding Section 49 - Miscellaneous (MSC)::883:CERT C++ Secure Coding Section 49 - Miscellaneous (MSC)
223 331::330:Use of Insufficiently Random Values
224 332::331:Insufficient Entropy::861:CERT Java Secure Coding Section 49 - Miscellaneous (MSC)
225 333::331:Insufficient Entropy::703:Improper Check or Handling of Exceptional Conditions::861:CERT Java Secure Coding Section 49 - Miscellaneous (MSC)
226 334::330:Use of Insufficiently Random Values
227 335::330:Use of Insufficiently Random Values
228 336::335:PRNG Seed Error::861:CERT Java Secure Coding Section 49 - Miscellaneous (MSC)
229 337::335:PRNG Seed Error::861:CERT Java Secure Coding Section 49 - Miscellaneous (MSC)
230 338::330:Use of Insufficiently Random Values
231 339::335:PRNG Seed Error
232 34::23:Relative Path Traversal
233 340::330:Use of Insufficiently Random Values
234 341::330:Use of Insufficiently Random Values
235 342::330:Use of Insufficiently Random Values
236 343::330:Use of Insufficiently Random Values
237 344::330:Use of Insufficiently Random Values
238 345::693:Protection Mechanism Failure::254:Security Features::724:OWASP Top Ten 2004 Category A3 - Broken Authentication and Session Management
239 346::345:Insufficient Verification of Data Authenticity
240 347::345:Insufficient Verification of Data Authenticity::859:CERT Java Secure Coding Section 14 - Platform Security (SEC)
241 348::345:Insufficient Verification of Data Authenticity
242 349::345:Insufficient Verification of Data Authenticity::860:CERT Java Secure Coding Section 15 - Runtime Environment (ENV)
243 35::23:Relative Path Traversal
244 350::345:Insufficient Verification of Data Authenticity
245 351::345:Insufficient Verification of Data Authenticity
246 353::345:Insufficient Verification of Data Authenticity
247 354::345:Insufficient Verification of Data Authenticity::754:Improper Check for Unusual or Exceptional Conditions
248 356::221:Information Loss or Omission::355:User Interface Security Issues
249 357::355:User Interface Security Issues::693:Protection Mechanism Failure
250 358::254:Security Features::573:Improper Following of Specification by Caller::693:Protection Mechanism Failure::860:CERT Java Secure Coding Section 15 - Runtime Environment (ENV)
251 359::254:Security Features::200:Information Exposure::857:CERT Java Secure Coding Section 12 - Input Output (FIO)
252 36::22:Improper Limitation of a Pathname to a Restricted Directory ('Path Traversal')
253 360::345:Insufficient Verification of Data Authenticity
254 362::867:2011 Top 25 - Weaknesses On the Cusp::801:2010 Top 25 - Insecure Interaction Between Components::691:Insufficient Control Flow Management::361:Time and State::743:CERT C Secure Coding Section 09 - Input Output (FIO)::751:2009 Top 25 - Insecure Interaction Between Components::852:CERT Java Secure Coding Section 07 - Visibility and Atomicity (VNA)::877:CERT C++ Secure Coding Section 09 - Input Output (FIO)::882:CERT C++ Secure Coding Section 14 - Concurrency (CON)
255 363::367:Time-of-check Time-of-use (TOCTOU) Race Condition::748:CERT C Secure Coding Section 50 - POSIX (POS)
256 364::362:Concurrent Execution using Shared Resource with Improper Synchronization ('Race Condition')::361:Time and State::634:Weaknesses that Affect System Processes::387:Signal Errors
257 365::367:Time-of-check Time-of-use (TOCTOU) Race Condition::748:CERT C Secure Coding Section 50 - POSIX (POS)
258 366::362:Concurrent Execution using Shared Resource with Improper Synchronization ('Race Condition')::557:Concurrency Issues::634:Weaknesses that Affect System Processes::748:CERT C Secure Coding Section 50 - POSIX (POS)::852:CERT Java Secure Coding Section 07 - Visibility and Atomicity (VNA)::882:CERT C++ Secure Coding Section 14 - Concurrency (CON)
259 367::362:Concurrent Execution using Shared Resource with Improper Synchronization ('Race Condition')::361:Time and State::743:CERT C Secure Coding Section 09 - Input Output (FIO)::877:CERT C++ Secure Coding Section 09 - Input Output (FIO)
260 368::362:Concurrent Execution using Shared Resource with Improper Synchronization ('Race Condition')
261 369::682:Incorrect Calculation::730:OWASP Top Ten 2004 Category A9 - Denial of Service::738:CERT C Secure Coding Section 04 - Integers (INT)::739:CERT C Secure Coding Section 05 - Floating Point (FLP)::848:CERT Java Secure Coding Section 03 - Numeric Types and Operations (NUM)::872:CERT C++ Secure Coding Section 04 - Integers (INT)::873:CERT C++ Secure Coding Section 05 - Floating Point Arithmetic (FLP)
262 37::36:Absolute Path Traversal::160:Improper Neutralization of Leading Special Elements::743:CERT C Secure Coding Section 09 - Input Output (FIO)::877:CERT C++ Secure Coding Section 09 - Input Output (FIO)
263 370::299:Improper Check for Certificate Revocation
264 372::371:State Issues::697:Insufficient Comparison
265 374::668:Exposure of Resource to Wrong Sphere::371:State Issues::849:CERT Java Secure Coding Section 04 - Object Orientation (OBJ)
266 375::668:Exposure of Resource to Wrong Sphere::371:State Issues::849:CERT Java Secure Coding Section 04 - Object Orientation (OBJ)
267 377::668:Exposure of Resource to Wrong Sphere::361:Time and State::376:Temporary File Issues::857:CERT Java Secure Coding Section 12 - Input Output (FIO)
268 378::377:Insecure Temporary File::376:Temporary File Issues
269 379::377:Insecure Temporary File::376:Temporary File Issues::743:CERT C Secure Coding Section 09 - Input Output (FIO)::877:CERT C++ Secure Coding Section 09 - Input Output (FIO)
270 38::36:Absolute Path Traversal::743:CERT C Secure Coding Section 09 - Input Output (FIO)::877:CERT C++ Secure Coding Section 09 - Input Output (FIO)
271 382::705:Incorrect Control Flow Scoping::381:J2EE Time and State Issues::730:OWASP Top Ten 2004 Category A9 - Denial of Service::361:Time and State::227:Improper Fulfillment of API Contract ('API Abuse')::851:CERT Java Secure Coding Section 06 - Exceptional Behavior (ERR)
272 383::381:J2EE Time and State Issues::695:Use of Low-Level Functionality::634:Weaknesses that Affect System Processes::361:Time and State
273 385::361:Time and State::514:Covert Channel
274 386::706:Use of Incorrectly-Resolved Name or Reference::361:Time and State
275 39::36:Absolute Path Traversal::743:CERT C Secure Coding Section 09 - Input Output (FIO)::877:CERT C++ Secure Coding Section 09 - Input Output (FIO)
276 390::755:Improper Handling of Exceptional Conditions::389:Error Conditions, Return Values, Status Codes::728:OWASP Top Ten 2004 Category A7 - Improper Error Handling::851:CERT Java Secure Coding Section 06 - Exceptional Behavior (ERR)::880:CERT C++ Secure Coding Section 12 - Exceptions and Error Handling (ERR)
277 391::703:Improper Check or Handling of Exceptional Conditions::389:Error Conditions, Return Values, Status Codes::728:OWASP Top Ten 2004 Category A7 - Improper Error Handling::388:Error Handling::743:CERT C Secure Coding Section 09 - Input Output (FIO)::746:CERT C Secure Coding Section 12 - Error Handling (ERR)::876:CERT C++ Secure Coding Section 08 - Memory Management (MEM)::877:CERT C++ Secure Coding Section 09 - Input Output (FIO)::880:CERT C++ Secure Coding Section 12 - Exceptions and Error Handling (ERR)
278 392::684:Incorrect Provision of Specified Functionality::703:Improper Check or Handling of Exceptional Conditions::389:Error Conditions, Return Values, Status Codes::855:CERT Java Secure Coding Section 10 - Thread Pools (TPS)
279 393::684:Incorrect Provision of Specified Functionality::703:Improper Check or Handling of Exceptional Conditions::389:Error Conditions, Return Values, Status Codes
280 394::754:Improper Check for Unusual or Exceptional Conditions::389:Error Conditions, Return Values, Status Codes::728:OWASP Top Ten 2004 Category A7 - Improper Error Handling
281 395::389:Error Conditions, Return Values, Status Codes::705:Incorrect Control Flow Scoping::755:Improper Handling of Exceptional Conditions::388:Error Handling::851:CERT Java Secure Coding Section 06 - Exceptional Behavior (ERR)
282 396::705:Incorrect Control Flow Scoping::755:Improper Handling of Exceptional Conditions::221:Information Loss or Omission::389:Error Conditions, Return Values, Status Codes::388:Error Handling
283 397::705:Incorrect Control Flow Scoping::221:Information Loss or Omission::703:Improper Check or Handling of Exceptional Conditions::389:Error Conditions, Return Values, Status Codes::388:Error Handling::851:CERT Java Secure Coding Section 06 - Exceptional Behavior (ERR)
284 398::710:Coding Standards Violation::18:Source Code
285 40::36:Absolute Path Traversal
286 400::664:Improper Control of a Resource Through its Lifetime::399:Resource Management Errors::730:OWASP Top Ten 2004 Category A9 - Denial of Service::858:CERT Java Secure Coding Section 13 - Serialization (SER)::861:CERT Java Secure Coding Section 49 - Miscellaneous (MSC)
287 401::772:Missing Release of Resource after Effective Lifetime::399:Resource Management Errors::730:OWASP Top Ten 2004 Category A9 - Denial of Service::633:Weaknesses that Affect Memory::398:Indicator of Poor Code Quality::861:CERT Java Secure Coding Section 49 - Miscellaneous (MSC)
288 402::399:Resource Management Errors::668:Exposure of Resource to Wrong Sphere
289 403::402:Transmission of Private Resources into a New Sphere ('Resource Leak')::634:Weaknesses that Affect System Processes::743:CERT C Secure Coding Section 09 - Input Output (FIO)::877:CERT C++ Secure Coding Section 09 - Input Output (FIO)
290 404::664:Improper Control of a Resource Through its Lifetime::399:Resource Management Errors::730:OWASP Top Ten 2004 Category A9 - Denial of Service::398:Indicator of Poor Code Quality::743:CERT C Secure Coding Section 09 - Input Output (FIO)::752:2009 Top 25 - Risky Resource Management::857:CERT Java Secure Coding Section 12 - Input Output (FIO)::876:CERT C++ Secure Coding Section 08 - Memory Management (MEM)::877:CERT C++ Secure Coding Section 09 - Input Output (FIO)::882:CERT C++ Secure Coding Section 14 - Concurrency (CON)
291 405::664:Improper Control of a Resource Through its Lifetime::399:Resource Management Errors::730:OWASP Top Ten 2004 Category A9 - Denial of Service::849:CERT Java Secure Coding Section 04 - Object Orientation (OBJ)::855:CERT Java Secure Coding Section 10 - Thread Pools (TPS)::857:CERT Java Secure Coding Section 12 - Input Output (FIO)
292 406::405:Asymmetric Resource Consumption (Amplification)
293 407::405:Asymmetric Resource Consumption (Amplification)
294 408::405:Asymmetric Resource Consumption (Amplification)::696:Incorrect Behavior Order::840:Business Logic Errors
295 409::405:Asymmetric Resource Consumption (Amplification)::845:CERT Java Secure Coding Section 00 - Input Validation and Data Sanitization (IDS)
296 41::706:Use of Incorrectly-Resolved Name or Reference::21:Pathname Traversal and Equivalence Errors::632:Weaknesses that Affect Files or Directories::743:CERT C Secure Coding Section 09 - Input Output (FIO)::723:OWASP Top Ten 2004 Category A2 - Broken Access Control::877:CERT C++ Secure Coding Section 09 - Input Output (FIO)
297 410::664:Improper Control of a Resource Through its Lifetime::399:Resource Management Errors::730:OWASP Top Ten 2004 Category A9 - Denial of Service::855:CERT Java Secure Coding Section 10 - Thread Pools (TPS)
298 412::667:Improper Locking::411:Resource Locking Problems::361:Time and State::730:OWASP Top Ten 2004 Category A9 - Denial of Service::853:CERT Java Secure Coding Section 08 - Locking (LCK)
299 413::667:Improper Locking::411:Resource Locking Problems::852:CERT Java Secure Coding Section 07 - Visibility and Atomicity (VNA)::853:CERT Java Secure Coding Section 08 - Locking (LCK)
300 414::667:Improper Locking::411:Resource Locking Problems
301 415::666:Operation on Resource in Wrong Phase of Lifetime::675:Duplicate Operations on Resource::825:Expired Pointer Dereference::399:Resource Management Errors::398:Indicator of Poor Code Quality::633:Weaknesses that Affect Memory::742:CERT C Secure Coding Section 08 - Memory Management (MEM)::876:CERT C++ Secure Coding Section 08 - Memory Management (MEM)
302 416::808:2010 Top 25 - Weaknesses On the Cusp::825:Expired Pointer Dereference::399:Resource Management Errors::398:Indicator of Poor Code Quality::633:Weaknesses that Affect Memory::742:CERT C Secure Coding Section 08 - Memory Management (MEM)::876:CERT C++ Secure Coding Section 08 - Memory Management (MEM)
303 419::418:Channel Errors::668:Exposure of Resource to Wrong Sphere
304 42::41:Improper Resolution of Path Equivalence::162:Improper Neutralization of Trailing Special Elements
305 420::418:Channel Errors::668:Exposure of Resource to Wrong Sphere
306 421::420:Unprotected Alternate Channel::362:Concurrent Execution using Shared Resource with Improper Synchronization ('Race Condition')::634:Weaknesses that Affect System Processes
307 422::420:Unprotected Alternate Channel::360:Trust of System Event Data::634:Weaknesses that Affect System Processes
308 424::417:Channel and Path Errors::693:Protection Mechanism Failure::638:Not Using Complete Mediation
309 425::862:Missing Authorization::288:Authentication Bypass Using an Alternate Path or Channel::424:Improper Protection of Alternate Path::442:Web Problems::721:OWASP Top Ten 2007 Category A10 - Failure to Restrict URL Access::722:OWASP Top Ten 2004 Category A1 - Unvalidated Input::723:OWASP Top Ten 2004 Category A2 - Broken Access Control
310 427::668:Exposure of Resource to Wrong Sphere::417:Channel and Path Errors
311 428::668:Exposure of Resource to Wrong Sphere::417:Channel and Path Errors
312 43::42:Path Equivalence: 'filename.' (Trailing Dot)::163:Improper Neutralization of Multiple Trailing Special Elements
313 430::691:Insufficient Control Flow Management::429:Handler Errors
314 431::429:Handler Errors::691:Insufficient Control Flow Management
315 432::364:Signal Handler Race Condition::429:Handler Errors
316 433::219:Sensitive Data Under Web Root::429:Handler Errors
317 434::864:2011 Top 25 - Insecure Interaction Between Components::801:2010 Top 25 - Insecure Interaction Between Components::429:Handler Errors::669:Incorrect Resource Transfer Between Spheres::632:Weaknesses that Affect Files or Directories::714:OWASP Top Ten 2007 Category A3 - Malicious File Execution::813:OWASP Top Ten 2010 Category A4 - Insecure Direct Object References
318 435::2:Environment
319 436::435:Interaction Error
320 437::436:Interpretation Conflict
321 439::438:Behavioral Problems::435:Interaction Error
322 44::41:Improper Resolution of Path Equivalence
323 440::684:Incorrect Provision of Specified Functionality::438:Behavioral Problems
324 441::418:Channel Errors::610:Externally Controlled Reference to a Resource in Another Sphere
325 444::436:Interpretation Conflict::442:Web Problems
326 446::684:Incorrect Provision of Specified Functionality::445:User Interface Errors
327 447::446:UI Discrepancy for Security Feature::671:Lack of Administrator Control over Security
328 448::446:UI Discrepancy for Security Feature
329 449::446:UI Discrepancy for Security Feature
330 45::44:Path Equivalence: 'file.name' (Internal Dot)::165:Improper Neutralization of Multiple Internal Special Elements
331 450::357:Insufficient UI Warning of Dangerous Operations::445:User Interface Errors
332 451::221:Information Loss or Omission::445:User Interface Errors
333 453::665:Improper Initialization::452:Initialization and Cleanup Errors
334 454::808:2010 Top 25 - Weaknesses On the Cusp::665:Improper Initialization::452:Initialization and Cleanup Errors::860:CERT Java Secure Coding Section 15 - Runtime Environment (ENV)
335 455::665:Improper Initialization::452:Initialization and Cleanup Errors::705:Incorrect Control Flow Scoping::636:Not Failing Securely ('Failing Open')
336 456::867:2011 Top 25 - Weaknesses On the Cusp::808:2010 Top 25 - Weaknesses On the Cusp::665:Improper Initialization::452:Initialization and Cleanup Errors
337 457::456:Missing Initialization::398:Indicator of Poor Code Quality
338 459::404:Improper Resource Shutdown or Release::452:Initialization and Cleanup Errors::731:OWASP Top Ten 2004 Category A10 - Insecure Configuration Management::857:CERT Java Secure Coding Section 12 - Input Output (FIO)
339 46::41:Improper Resolution of Path Equivalence::162:Improper Neutralization of Trailing Special Elements
340 460::459:Incomplete Cleanup::755:Improper Handling of Exceptional Conditions::452:Initialization and Cleanup Errors::851:CERT Java Secure Coding Section 06 - Exceptional Behavior (ERR)::880:CERT C++ Secure Coding Section 12 - Exceptions and Error Handling (ERR)
341 462::461:Data Structure Issues::694:Use of Multiple Resources with Duplicate Identifier::744:CERT C Secure Coding Section 10 - Environment (ENV)::878:CERT C++ Secure Coding Section 10 - Environment (ENV)
342 463::707:Improper Enforcement of Message or Data Structure::461:Data Structure Issues
343 464::138:Improper Neutralization of Special Elements::461:Data Structure Issues::741:CERT C Secure Coding Section 07 - Characters and Strings (STR)::875:CERT C++ Secure Coding Section 07 - Characters and Strings (STR)
344 466::119:Improper Restriction of Operations within the Bounds of a Memory Buffer::465:Pointer Issues::20:Improper Input Validation::738:CERT C Secure Coding Section 04 - Integers (INT)::872:CERT C++ Secure Coding Section 04 - Integers (INT)
345 467::682:Incorrect Calculation::465:Pointer Issues::737:CERT C Secure Coding Section 03 - Expressions (EXP)::740:CERT C Secure Coding Section 06 - Arrays (ARR)::874:CERT C++ Secure Coding Section 06 - Arrays and the STL (ARR)
346 468::682:Incorrect Calculation::465:Pointer Issues::737:CERT C Secure Coding Section 03 - Expressions (EXP)
347 469::682:Incorrect Calculation::465:Pointer Issues::740:CERT C Secure Coding Section 06 - Arrays (ARR)::874:CERT C++ Secure Coding Section 06 - Arrays and the STL (ARR)
348 47::41:Improper Resolution of Path Equivalence
349 470::610:Externally Controlled Reference to a Resource in Another Sphere::20:Improper Input Validation::859:CERT Java Secure Coding Section 14 - Platform Security (SEC)::860:CERT Java Secure Coding Section 15 - Runtime Environment (ENV)
350 471::19:Data Handling::664:Improper Control of a Resource Through its Lifetime
351 472::642:External Control of Critical State Data::471:Modification of Assumed-Immutable Data (MAID)::715:OWASP Top Ten 2007 Category A4 - Insecure Direct Object Reference::722:OWASP Top Ten 2004 Category A1 - Unvalidated Input
352 473::471:Modification of Assumed-Immutable Data (MAID)
353 474::398:Indicator of Poor Code Quality
354 475::573:Improper Following of Specification by Caller::398:Indicator of Poor Code Quality
355 476::867:2011 Top 25 - Weaknesses On the Cusp::808:2010 Top 25 - Weaknesses On the Cusp::398:Indicator of Poor Code Quality::465:Pointer Issues::730:OWASP Top Ten 2004 Category A9 - Denial of Service::737:CERT C Secure Coding Section 03 - Expressions (EXP)::742:CERT C Secure Coding Section 08 - Memory Management (MEM)::871:CERT C++ Secure Coding Section 03 - Expressions (EXP)::876:CERT C++ Secure Coding Section 08 - Memory Management (MEM)
356 477::398:Indicator of Poor Code Quality
357 478::171:Cleansing, Canonicalization, and Comparison Errors::398:Indicator of Poor Code Quality::697:Insufficient Comparison
358 479::828:Signal Handler with Functionality that is not Asynchronous-Safe::663:Use of a Non-reentrant Function in a Concurrent Context::429:Handler Errors::634:Weaknesses that Affect System Processes::745:CERT C Secure Coding Section 11 - Signals (SIG)::847:CERT Java Secure Coding Section 02 - Expressions (EXP)::879:CERT C++ Secure Coding Section 11 - Signals (SIG)
359 48::41:Improper Resolution of Path Equivalence
360 480::670:Always-Incorrect Control Flow Implementation::569:Expression Issues::747:CERT C Secure Coding Section 49 - Miscellaneous (MSC)::847:CERT Java Secure Coding Section 02 - Expressions (EXP)::871:CERT C++ Secure Coding Section 03 - Expressions (EXP)::883:CERT C++ Secure Coding Section 49 - Miscellaneous (MSC)
361 481::480:Use of Incorrect Operator::569:Expression Issues
362 482::480:Use of Incorrect Operator::569:Expression Issues::747:CERT C Secure Coding Section 49 - Miscellaneous (MSC)::883:CERT C++ Secure Coding Section 49 - Miscellaneous (MSC)
363 483::670:Always-Incorrect Control Flow Implementation::398:Indicator of Poor Code Quality
364 484::398:Indicator of Poor Code Quality::670:Always-Incorrect Control Flow Implementation::861:CERT Java Secure Coding Section 49 - Miscellaneous (MSC)
365 485::18:Source Code::664:Improper Control of a Resource Through its Lifetime::881:CERT C++ Secure Coding Section 13 - Object Oriented Programming (OOP)
366 486::485:Insufficient Encapsulation::171:Cleansing, Canonicalization, and Comparison Errors::697:Insufficient Comparison::849:CERT Java Secure Coding Section 04 - Object Orientation (OBJ)
367 487::485:Insufficient Encapsulation::850:CERT Java Secure Coding Section 05 - Methods (MET)
368 488::485:Insufficient Encapsulation::882:CERT C++ Secure Coding Section 14 - Concurrency (CON)
369 489::485:Insufficient Encapsulation::731:OWASP Top Ten 2004 Category A10 - Insecure Configuration Management
370 49::41:Improper Resolution of Path Equivalence::162:Improper Neutralization of Trailing Special Elements
371 491::490:Mobile Code Issues::668:Exposure of Resource to Wrong Sphere::485:Insufficient Encapsulation::849:CERT Java Secure Coding Section 04 - Object Orientation (OBJ)
372 492::668:Exposure of Resource to Wrong Sphere::490:Mobile Code Issues::485:Insufficient Encapsulation::849:CERT Java Secure Coding Section 04 - Object Orientation (OBJ)
373 493::668:Exposure of Resource to Wrong Sphere::216:Containment Errors (Container Errors)::490:Mobile Code Issues::485:Insufficient Encapsulation::849:CERT Java Secure Coding Section 04 - Object Orientation (OBJ)
374 494::865:2011 Top 25 - Risky Resource Management::802:2010 Top 25 - Risky Resource Management::490:Mobile Code Issues::669:Incorrect Resource Transfer Between Spheres::752:2009 Top 25 - Risky Resource Management::859:CERT Java Secure Coding Section 14 - Platform Security (SEC)
375 495::485:Insufficient Encapsulation
376 496::485:Insufficient Encapsulation
377 497::200:Information Exposure::485:Insufficient Encapsulation::851:CERT Java Secure Coding Section 06 - Exceptional Behavior (ERR)::880:CERT C++ Secure Coding Section 12 - Exceptions and Error Handling (ERR)
378 498::485:Insufficient Encapsulation::849:CERT Java Secure Coding Section 04 - Object Orientation (OBJ)
379 499::485:Insufficient Encapsulation::858:CERT Java Secure Coding Section 13 - Serialization (SER)
380 5::319:Cleartext Transmission of Sensitive Information::4:J2EE Environment Issues::2:Environment
381 50::41:Improper Resolution of Path Equivalence::161:Improper Neutralization of Multiple Leading Special Elements
382 500::493:Critical Public Variable Without Final Modifier::849:CERT Java Secure Coding Section 04 - Object Orientation (OBJ)
383 501::485:Insufficient Encapsulation
384 502::485:Insufficient Encapsulation::858:CERT Java Secure Coding Section 13 - Serialization (SER)
385 506::710:Coding Standards Violation::505:Intentionally Introduced Weakness
386 507::506:Embedded Malicious Code
387 508::507:Trojan Horse
388 509::507:Trojan Horse
389 51::41:Improper Resolution of Path Equivalence
390 510::506:Embedded Malicious Code
391 511::506:Embedded Malicious Code
392 512::506:Embedded Malicious Code
393 514::664:Improper Control of a Resource Through its Lifetime::418:Channel Errors::518:Inadvertently Introduced Weakness
394 515::514:Covert Channel
395 52::41:Improper Resolution of Path Equivalence::163:Improper Neutralization of Multiple Trailing Special Elements
396 520::519:.NET Environment Issues::266:Incorrect Privilege Assignment
397 521::255:Credentials Management::287:Improper Authentication::724:OWASP Top Ten 2004 Category A3 - Broken Authentication and Session Management
398 522::255:Credentials Management::287:Improper Authentication::668:Exposure of Resource to Wrong Sphere::724:OWASP Top Ten 2004 Category A3 - Broken Authentication and Session Management::718:OWASP Top Ten 2007 Category A7 - Broken Authentication and Session Management
399 523::522:Insufficiently Protected Credentials
400 524::200:Information Exposure::861:CERT Java Secure Coding Section 49 - Miscellaneous (MSC)
401 525::524:Information Exposure Through Caching::723:OWASP Top Ten 2004 Category A2 - Broken Access Control::724:OWASP Top Ten 2004 Category A3 - Broken Authentication and Session Management
402 526::200:Information Exposure::731:OWASP Top Ten 2004 Category A10 - Insecure Configuration Management::861:CERT Java Secure Coding Section 49 - Miscellaneous (MSC)
403 527::538:File and Directory Information Exposure::552:Files or Directories Accessible to External Parties::731:OWASP Top Ten 2004 Category A10 - Insecure Configuration Management
404 528::538:File and Directory Information Exposure::552:Files or Directories Accessible to External Parties::742:CERT C Secure Coding Section 08 - Memory Management (MEM)::731:OWASP Top Ten 2004 Category A10 - Insecure Configuration Management::861:CERT Java Secure Coding Section 49 - Miscellaneous (MSC)::876:CERT C++ Secure Coding Section 08 - Memory Management (MEM)
405 529::538:File and Directory Information Exposure::552:Files or Directories Accessible to External Parties::731:OWASP Top Ten 2004 Category A10 - Insecure Configuration Management
406 53::41:Improper Resolution of Path Equivalence::165:Improper Neutralization of Multiple Internal Special Elements
407 530::538:File and Directory Information Exposure::552:Files or Directories Accessible to External Parties::731:OWASP Top Ten 2004 Category A10 - Insecure Configuration Management
408 531::540:Information Exposure Through Source Code::731:OWASP Top Ten 2004 Category A10 - Insecure Configuration Management
409 532::538:File and Directory Information Exposure::552:Files or Directories Accessible to External Parties::731:OWASP Top Ten 2004 Category A10 - Insecure Configuration Management::857:CERT Java Secure Coding Section 12 - Input Output (FIO)
410 533::532:Information Exposure Through Log Files::552:Files or Directories Accessible to External Parties::632:Weaknesses that Affect Files or Directories::731:OWASP Top Ten 2004 Category A10 - Insecure Configuration Management::857:CERT Java Secure Coding Section 12 - Input Output (FIO)
411 534::532:Information Exposure Through Log Files::552:Files or Directories Accessible to External Parties::731:OWASP Top Ten 2004 Category A10 - Insecure Configuration Management::861:CERT Java Secure Coding Section 49 - Miscellaneous (MSC)
412 535::210:Information Exposure Through Generated Error Message
413 536::210:Information Exposure Through Generated Error Message
414 537::210:Information Exposure Through Generated Error Message
415 538::200:Information Exposure::815:OWASP Top Ten 2010 Category A6 - Security Misconfiguration
416 539::538:File and Directory Information Exposure::729:OWASP Top Ten 2004 Category A8 - Insecure Storage::857:CERT Java Secure Coding Section 12 - Input Output (FIO)
417 54::41:Improper Resolution of Path Equivalence::162:Improper Neutralization of Trailing Special Elements
418 540::538:File and Directory Information Exposure::552:Files or Directories Accessible to External Parties::731:OWASP Top Ten 2004 Category A10 - Insecure Configuration Management
419 541::540:Information Exposure Through Source Code::731:OWASP Top Ten 2004 Category A10 - Insecure Configuration Management
420 542::532:Information Exposure Through Log Files::552:Files or Directories Accessible to External Parties::731:OWASP Top Ten 2004 Category A10 - Insecure Configuration Management::857:CERT Java Secure Coding Section 12 - Input Output (FIO)
421 543::820:Missing Synchronization::381:J2EE Time and State Issues::861:CERT Java Secure Coding Section 49 - Miscellaneous (MSC)
422 544::755:Improper Handling of Exceptional Conditions::388:Error Handling::746:CERT C Secure Coding Section 12 - Error Handling (ERR)::880:CERT C++ Secure Coding Section 12 - Exceptions and Error Handling (ERR)
423 545::485:Insufficient Encapsulation
424 546::398:Indicator of Poor Code Quality
425 547::398:Indicator of Poor Code Quality::736:CERT C Secure Coding Section 02 - Declarations and Initialization (DCL)
426 548::538:File and Directory Information Exposure::552:Files or Directories Accessible to External Parties::731:OWASP Top Ten 2004 Category A10 - Insecure Configuration Management
427 549::255:Credentials Management::355:User Interface Security Issues::522:Insufficiently Protected Credentials
428 55::41:Improper Resolution of Path Equivalence
429 550::209:Information Exposure Through an Error Message
430 551::863:Incorrect Authorization::696:Incorrect Behavior Order::723:OWASP Top Ten 2004 Category A2 - Broken Access Control
431 552::2:Environment::731:OWASP Top Ten 2004 Category A10 - Insecure Configuration Management::815:OWASP Top Ten 2010 Category A6 - Security Misconfiguration::632:Weaknesses that Affect Files or Directories::668:Exposure of Resource to Wrong Sphere::743:CERT C Secure Coding Section 09 - Input Output (FIO)::877:CERT C++ Secure Coding Section 09 - Input Output (FIO)
432 553::552:Files or Directories Accessible to External Parties
433 554::10:ASP.NET Environment Issues::20:Improper Input Validation
434 555::4:J2EE Environment Issues::522:Insufficiently Protected Credentials
435 556::10:ASP.NET Environment Issues::266:Incorrect Privilege Assignment::723:OWASP Top Ten 2004 Category A2 - Broken Access Control
436 558::663:Use of a Non-reentrant Function in a Concurrent Context::557:Concurrency Issues::227:Improper Fulfillment of API Contract ('API Abuse')
437 56::41:Improper Resolution of Path Equivalence::155:Improper Neutralization of Wildcards or Matching Symbols
438 560::687:Function Call With Incorrectly Specified Argument Value::559:Often Misused: Arguments and Parameters
439 561::398:Indicator of Poor Code Quality::747:CERT C Secure Coding Section 49 - Miscellaneous (MSC)::883:CERT C++ Secure Coding Section 49 - Miscellaneous (MSC)
440 562::398:Indicator of Poor Code Quality::672:Operation on a Resource after Expiration or Release::748:CERT C Secure Coding Section 50 - POSIX (POS)
441 563::398:Indicator of Poor Code Quality::747:CERT C Secure Coding Section 49 - Miscellaneous (MSC)::883:CERT C++ Secure Coding Section 49 - Miscellaneous (MSC)
442 564::89:Improper Neutralization of Special Elements used in an SQL Command ('SQL Injection')
443 565::642:External Control of Critical State Data::254:Security Features::602:Client-Side Enforcement of Server-Side Security
444 566::639:Authorization Bypass Through User-Controlled Key
445 567::662:Improper Synchronization::557:Concurrency Issues::852:CERT Java Secure Coding Section 07 - Visibility and Atomicity (VNA)
446 568::399:Resource Management Errors::573:Improper Following of Specification by Caller::459:Incomplete Cleanup::850:CERT Java Secure Coding Section 05 - Methods (MET)
447 57::41:Improper Resolution of Path Equivalence
448 570::561:Dead Code::569:Expression Issues::747:CERT C Secure Coding Section 49 - Miscellaneous (MSC)::883:CERT C++ Secure Coding Section 49 - Miscellaneous (MSC)
449 571::561:Dead Code::569:Expression Issues::747:CERT C Secure Coding Section 49 - Miscellaneous (MSC)::883:CERT C++ Secure Coding Section 49 - Miscellaneous (MSC)
450 572::821:Incorrect Synchronization::557:Concurrency Issues::634:Weaknesses that Affect System Processes::854:CERT Java Secure Coding Section 09 - Thread APIs (THI)
451 573::227:Improper Fulfillment of API Contract ('API Abuse')::850:CERT Java Secure Coding Section 05 - Methods (MET)
452 574::695:Use of Low-Level Functionality::821:Incorrect Synchronization
453 575::695:Use of Low-Level Functionality
454 576::695:Use of Low-Level Functionality
455 577::573:Improper Following of Specification by Caller
456 578::573:Improper Following of Specification by Caller
457 579::573:Improper Following of Specification by Caller
458 58::41:Improper Resolution of Path Equivalence
459 580::485:Insufficient Encapsulation::573:Improper Following of Specification by Caller
460 581::573:Improper Following of Specification by Caller::850:CERT Java Secure Coding Section 05 - Methods (MET)
461 582::490:Mobile Code Issues::668:Exposure of Resource to Wrong Sphere::849:CERT Java Secure Coding Section 04 - Object Orientation (OBJ)
462 583::490:Mobile Code Issues::668:Exposure of Resource to Wrong Sphere::850:CERT Java Secure Coding Section 05 - Methods (MET)
463 584::705:Incorrect Control Flow Scoping::389:Error Conditions, Return Values, Status Codes::851:CERT Java Secure Coding Section 06 - Exceptional Behavior (ERR)
464 585::398:Indicator of Poor Code Quality::371:State Issues
465 586::398:Indicator of Poor Code Quality::227:Improper Fulfillment of API Contract ('API Abuse')::850:CERT Java Secure Coding Section 05 - Methods (MET)
466 587::465:Pointer Issues::344:Use of Invariant Value in Dynamically Changing Context::758:Reliance on Undefined, Unspecified, or Implementation-Defined Behavior::738:CERT C Secure Coding Section 04 - Integers (INT)::872:CERT C++ Secure Coding Section 04 - Integers (INT)
467 588::704:Incorrect Type Conversion or Cast::758:Reliance on Undefined, Unspecified, or Implementation-Defined Behavior::569:Expression Issues::465:Pointer Issues
468 589::474:Use of Function with Inconsistent Implementations::227:Improper Fulfillment of API Contract ('API Abuse')::850:CERT Java Secure Coding Section 05 - Methods (MET)::858:CERT Java Secure Coding Section 13 - Serialization (SER)
469 59::808:2010 Top 25 - Weaknesses On the Cusp::706:Use of Incorrectly-Resolved Name or Reference::21:Pathname Traversal and Equivalence Errors::632:Weaknesses that Affect Files or Directories::743:CERT C Secure Coding Section 09 - Input Output (FIO)::748:CERT C Secure Coding Section 50 - POSIX (POS)::877:CERT C++ Secure Coding Section 09 - Input Output (FIO)
470 590::762:Mismatched Memory Management Routines::399:Resource Management Errors::742:CERT C Secure Coding Section 08 - Memory Management (MEM)::876:CERT C++ Secure Coding Section 08 - Memory Management (MEM)
471 591::413:Improper Resource Locking::729:OWASP Top Ten 2004 Category A8 - Insecure Storage::633:Weaknesses that Affect Memory::742:CERT C Secure Coding Section 08 - Memory Management (MEM)::876:CERT C++ Secure Coding Section 08 - Memory Management (MEM)
472 592::287:Improper Authentication::724:OWASP Top Ten 2004 Category A3 - Broken Authentication and Session Management
473 593::666:Operation on Resource in Wrong Phase of Lifetime::592:Authentication Bypass Issues
474 594::485:Insufficient Encapsulation
475 595::697:Insufficient Comparison::569:Expression Issues::171:Cleansing, Canonicalization, and Comparison Errors::847:CERT Java Secure Coding Section 02 - Expressions (EXP)
476 596::569:Expression Issues::697:Insufficient Comparison::171:Cleansing, Canonicalization, and Comparison Errors::840:Business Logic Errors
477 597::595:Comparison of Object References Instead of Object Contents::480:Use of Incorrect Operator::133:String Errors::847:CERT Java Secure Coding Section 02 - Expressions (EXP)
478 598::200:Information Exposure::729:OWASP Top Ten 2004 Category A8 - Insecure Storage
479 599::297:Improper Validation of Host-specific Certificate Data
480 6::4:J2EE Environment Issues::334:Small Space of Random Values::2:Environment
481 600::248:Uncaught Exception::388:Error Handling::851:CERT Java Secure Coding Section 06 - Exceptional Behavior (ERR)
482 601::864:2011 Top 25 - Insecure Interaction Between Components::801:2010 Top 25 - Insecure Interaction Between Components::610:Externally Controlled Reference to a Resource in Another Sphere::20:Improper Input Validation::442:Web Problems::722:OWASP Top Ten 2004 Category A1 - Unvalidated Input::819:OWASP Top Ten 2010 Category A10 - Unvalidated Redirects and Forwards
483 602::254:Security Features::669:Incorrect Resource Transfer Between Spheres::693:Protection Mechanism Failure::722:OWASP Top Ten 2004 Category A1 - Unvalidated Input::753:2009 Top 25 - Porous Defenses
484 603::602:Client-Side Enforcement of Server-Side Security::287:Improper Authentication
485 605::675:Duplicate Operations on Resource::666:Operation on Resource in Wrong Phase of Lifetime::227:Improper Fulfillment of API Contract ('API Abuse')
486 606::20:Improper Input Validation::738:CERT C Secure Coding Section 04 - Integers (INT)::872:CERT C++ Secure Coding Section 04 - Integers (INT)
487 607::471:Modification of Assumed-Immutable Data (MAID)::485:Insufficient Encapsulation::849:CERT Java Secure Coding Section 04 - Object Orientation (OBJ)
488 608::101:Struts Validation Problems::668:Exposure of Resource to Wrong Sphere
489 609::667:Improper Locking::361:Time and State::853:CERT Java Secure Coding Section 08 - Locking (LCK)
490 610::664:Improper Control of a Resource Through its Lifetime::265:Privilege / Sandbox Issues
491 611::538:File and Directory Information Exposure::673:External Influence of Sphere Definition::610:Externally Controlled Reference to a Resource in Another Sphere
492 612::200:Information Exposure
493 613::672:Operation on a Resource after Expiration or Release::361:Time and State::724:OWASP Top Ten 2004 Category A3 - Broken Authentication and Session Management
494 614::311:Missing Encryption of Sensitive Data
495 615::540:Information Exposure Through Source Code
496 616::429:Handler Errors::345:Insufficient Verification of Data Authenticity
497 617::670:Always-Incorrect Control Flow Implementation::398:Indicator of Poor Code Quality
498 618::749:Exposed Dangerous Method or Function::275:Permission Issues
499 619::404:Improper Resource Shutdown or Release::402:Transmission of Private Resources into a New Sphere ('Resource Leak')
500 62::60:UNIX Path Link Problems::59:Improper Link Resolution Before File Access ('Link Following')::743:CERT C Secure Coding Section 09 - Input Output (FIO)::877:CERT C++ Secure Coding Section 09 - Input Output (FIO)
501 620::255:Credentials Management::522:Insufficiently Protected Credentials::724:OWASP Top Ten 2004 Category A3 - Broken Authentication and Session Management
502 621::94:Improper Control of Generation of Code ('Code Injection')::20:Improper Input Validation
503 622::20:Improper Input Validation
504 623::267:Privilege Defined With Unsafe Actions::691:Insufficient Control Flow Management
505 624::77:Improper Neutralization of Special Elements used in a Command ('Command Injection')
506 625::185:Incorrect Regular Expression::845:CERT Java Secure Coding Section 00 - Input Validation and Data Sanitization (IDS)
507 626::20:Improper Input Validation::436:Interpretation Conflict
508 627::94:Improper Control of Generation of Code ('Code Injection')
509 628::573:Improper Following of Specification by Caller::559:Often Misused: Arguments and Parameters::736:CERT C Secure Coding Section 02 - Declarations and Initialization (DCL)::737:CERT C Secure Coding Section 03 - Expressions (EXP)::742:CERT C Secure Coding Section 08 - Memory Management (MEM)
510 636::657:Violation of Secure Design Principles::755:Improper Handling of Exceptional Conditions::388:Error Handling::728:OWASP Top Ten 2004 Category A7 - Improper Error Handling
511 637::657:Violation of Secure Design Principles
512 638::657:Violation of Secure Design Principles::862:Missing Authorization
513 639::862:Missing Authorization::723:OWASP Top Ten 2004 Category A2 - Broken Access Control::715:OWASP Top Ten 2007 Category A4 - Insecure Direct Object Reference::813:OWASP Top Ten 2010 Category A4 - Insecure Direct Object References::840:Business Logic Errors
514 64::63:Windows Path Link Problems::59:Improper Link Resolution Before File Access ('Link Following')::743:CERT C Secure Coding Section 09 - Input Output (FIO)::877:CERT C++ Secure Coding Section 09 - Input Output (FIO)
515 640::287:Improper Authentication::255:Credentials Management::724:OWASP Top Ten 2004 Category A3 - Broken Authentication and Session Management::840:Business Logic Errors
516 641::99:Improper Control of Resource Identifiers ('Resource Injection')
517 642::371:State Issues::668:Exposure of Resource to Wrong Sphere::752:2009 Top 25 - Risky Resource Management
518 643::91:XML Injection (aka Blind XPath Injection)
519 644::116:Improper Encoding or Escaping of Output::442:Web Problems::725:OWASP Top Ten 2004 Category A4 - Cross-Site Scripting (XSS) Flaws
520 645::287:Improper Authentication
521 646::345:Insufficient Verification of Data Authenticity::442:Web Problems
522 647::863:Incorrect Authorization::442:Web Problems::845:CERT Java Secure Coding Section 00 - Input Validation and Data Sanitization (IDS)
523 648::265:Privilege / Sandbox Issues::269:Improper Privilege Management::227:Improper Fulfillment of API Contract ('API Abuse')
524 649::345:Insufficient Verification of Data Authenticity
525 65::63:Windows Path Link Problems::59:Improper Link Resolution Before File Access ('Link Following')::743:CERT C Secure Coding Section 09 - Input Output (FIO)::877:CERT C++ Secure Coding Section 09 - Input Output (FIO)
526 650::227:Improper Fulfillment of API Contract ('API Abuse')::436:Interpretation Conflict::2:Environment
527 651::538:File and Directory Information Exposure
528 652::91:XML Injection (aka Blind XPath Injection)
529 653::657:Violation of Secure Design Principles::693:Protection Mechanism Failure::254:Security Features
530 654::657:Violation of Secure Design Principles::693:Protection Mechanism Failure::254:Security Features
531 655::657:Violation of Secure Design Principles::693:Protection Mechanism Failure::254:Security Features
532 656::657:Violation of Secure Design Principles::693:Protection Mechanism Failure::254:Security Features
533 657::710:Coding Standards Violation::17:Code
534 66::706:Use of Incorrectly-Resolved Name or Reference::21:Pathname Traversal and Equivalence Errors
535 662::361:Time and State::664:Improper Control of a Resource Through its Lifetime::691:Insufficient Control Flow Management::745:CERT C Secure Coding Section 11 - Signals (SIG)::852:CERT Java Secure Coding Section 07 - Visibility and Atomicity (VNA)::879:CERT C++ Secure Coding Section 11 - Signals (SIG)
536 663::662:Improper Synchronization::361:Time and State
537 664::361:Time and State
538 665::664:Improper Control of a Resource Through its Lifetime::452:Initialization and Cleanup Errors::740:CERT C Secure Coding Section 06 - Arrays (ARR)::742:CERT C Secure Coding Section 08 - Memory Management (MEM)::752:2009 Top 25 - Risky Resource Management::846:CERT Java Secure Coding Section 01 - Declarations and Initialization (DCL)::874:CERT C++ Secure Coding Section 06 - Arrays and the STL (ARR)::876:CERT C++ Secure Coding Section 08 - Memory Management (MEM)
539 666::664:Improper Control of a Resource Through its Lifetime::840:Business Logic Errors
540 667::662:Improper Synchronization::748:CERT C Secure Coding Section 50 - POSIX (POS)::852:CERT Java Secure Coding Section 07 - Visibility and Atomicity (VNA)::853:CERT Java Secure Coding Section 08 - Locking (LCK)
541 668::664:Improper Control of a Resource Through its Lifetime::361:Time and State
542 669::664:Improper Control of a Resource Through its Lifetime::361:Time and State
543 67::66:Improper Handling of File Names that Identify Virtual Resources::68:Windows Virtual File Problems::632:Weaknesses that Affect Files or Directories::743:CERT C Secure Coding Section 09 - Input Output (FIO)::857:CERT Java Secure Coding Section 12 - Input Output (FIO)::877:CERT C++ Secure Coding Section 09 - Input Output (FIO)
544 670::691:Insufficient Control Flow Management::861:CERT Java Secure Coding Section 49 - Miscellaneous (MSC)
545 671::657:Violation of Secure Design Principles
546 672::808:2010 Top 25 - Weaknesses On the Cusp::666:Operation on Resource in Wrong Phase of Lifetime::361:Time and State
547 673::664:Improper Control of a Resource Through its Lifetime::361:Time and State
548 674::834:Excessive Iteration::361:Time and State::730:OWASP Top Ten 2004 Category A9 - Denial of Service
549 675::573:Improper Following of Specification by Caller::743:CERT C Secure Coding Section 09 - Input Output (FIO)::877:CERT C++ Secure Coding Section 09 - Input Output (FIO)
550 676::865:2011 Top 25 - Risky Resource Management::398:Indicator of Poor Code Quality::738:CERT C Secure Coding Section 04 - Integers (INT)::743:CERT C Secure Coding Section 09 - Input Output (FIO)::746:CERT C Secure Coding Section 12 - Error Handling (ERR)::872:CERT C++ Secure Coding Section 04 - Integers (INT)::877:CERT C++ Secure Coding Section 09 - Input Output (FIO)
551 681::867:2011 Top 25 - Weaknesses On the Cusp::808:2010 Top 25 - Weaknesses On the Cusp::704:Incorrect Type Conversion or Cast::189:Numeric Errors::136:Type Errors::738:CERT C Secure Coding Section 04 - Integers (INT)::739:CERT C Secure Coding Section 05 - Floating Point (FLP)::848:CERT Java Secure Coding Section 03 - Numeric Types and Operations (NUM)::872:CERT C++ Secure Coding Section 04 - Integers (INT)::873:CERT C++ Secure Coding Section 05 - Floating Point Arithmetic (FLP)
552 682::189:Numeric Errors::738:CERT C Secure Coding Section 04 - Integers (INT)::739:CERT C Secure Coding Section 05 - Floating Point (FLP)::752:2009 Top 25 - Risky Resource Management::872:CERT C++ Secure Coding Section 04 - Integers (INT)::873:CERT C++ Secure Coding Section 05 - Floating Point Arithmetic (FLP)
553 683::628:Function Call with Incorrectly Specified Arguments
554 684::227:Improper Fulfillment of API Contract ('API Abuse')::735:CERT C Secure Coding Section 01 - Preprocessor (PRE)
555 685::628:Function Call with Incorrectly Specified Arguments
556 686::628:Function Call with Incorrectly Specified Arguments::736:CERT C Secure Coding Section 02 - Declarations and Initialization (DCL)::739:CERT C Secure Coding Section 05 - Floating Point (FLP)::741:CERT C Secure Coding Section 07 - Characters and Strings (STR)::743:CERT C Secure Coding Section 09 - Input Output (FIO)::748:CERT C Secure Coding Section 50 - POSIX (POS)::873:CERT C++ Secure Coding Section 05 - Floating Point Arithmetic (FLP)::875:CERT C++ Secure Coding Section 07 - Characters and Strings (STR)
557 687::628:Function Call with Incorrectly Specified Arguments::742:CERT C Secure Coding Section 08 - Memory Management (MEM)::876:CERT C++ Secure Coding Section 08 - Memory Management (MEM)
558 688::628:Function Call with Incorrectly Specified Arguments
559 69::68:Windows Virtual File Problems::66:Improper Handling of File Names that Identify Virtual Resources::634:Weaknesses that Affect System Processes
560 691::361:Time and State
561 693::254:Security Features
562 694::573:Improper Following of Specification by Caller
563 695::573:Improper Following of Specification by Caller
564 696::691:Insufficient Control Flow Management::748:CERT C Secure Coding Section 50 - POSIX (POS)::840:Business Logic Errors
565 697::171:Cleansing, Canonicalization, and Comparison Errors::747:CERT C Secure Coding Section 49 - Miscellaneous (MSC)::883:CERT C++ Secure Coding Section 49 - Miscellaneous (MSC)
566 698::705:Incorrect Control Flow Scoping::670:Always-Incorrect Control Flow Implementation::361:Time and State
567 7::4:J2EE Environment Issues::756:Missing Custom Error Page::2:Environment::728:OWASP Top Ten 2004 Category A7 - Improper Error Handling
568 703::851:CERT Java Secure Coding Section 06 - Exceptional Behavior (ERR)::876:CERT C++ Secure Coding Section 08 - Memory Management (MEM)::880:CERT C++ Secure Coding Section 12 - Exceptions and Error Handling (ERR)
569 704::664:Improper Control of a Resource Through its Lifetime::737:CERT C Secure Coding Section 03 - Expressions (EXP)::741:CERT C Secure Coding Section 07 - Characters and Strings (STR)::747:CERT C Secure Coding Section 49 - Miscellaneous (MSC)::875:CERT C++ Secure Coding Section 07 - Characters and Strings (STR)::883:CERT C++ Secure Coding Section 49 - Miscellaneous (MSC)
570 705::691:Insufficient Control Flow Management::744:CERT C Secure Coding Section 10 - Environment (ENV)::746:CERT C Secure Coding Section 12 - Error Handling (ERR)::854:CERT Java Secure Coding Section 09 - Thread APIs (THI)::851:CERT Java Secure Coding Section 06 - Exceptional Behavior (ERR)::878:CERT C++ Secure Coding Section 10 - Environment (ENV)::880:CERT C++ Secure Coding Section 12 - Exceptions and Error Handling (ERR)
571 706::664:Improper Control of a Resource Through its Lifetime
572 
573 708::282:Improper Ownership Management::723:OWASP Top Ten 2004 Category A2 - Broken Access Control
574 71::70:Mac Virtual File Problems::66:Improper Handling of File Names that Identify Virtual Resources
575 
576 72::70:Mac Virtual File Problems::66:Improper Handling of File Names that Identify Virtual Resources
577 73::642:External Control of Critical State Data::610:Externally Controlled Reference to a Resource in Another Sphere::20:Improper Input Validation::752:2009 Top 25 - Risky Resource Management::723:OWASP Top Ten 2004 Category A2 - Broken Access Control::860:CERT Java Secure Coding Section 15 - Runtime Environment (ENV)::877:CERT C++ Secure Coding Section 09 - Input Output (FIO)
578 732::866:2011 Top 25 - Porous Defenses::803:2010 Top 25 - Porous Defenses::285:Improper Authorization::668:Exposure of Resource to Wrong Sphere::753:2009 Top 25 - Porous Defenses::275:Permission Issues::815:OWASP Top Ten 2010 Category A6 - Security Misconfiguration::840:Business Logic Errors::857:CERT Java Secure Coding Section 12 - Input Output (FIO)::859:CERT Java Secure Coding Section 14 - Platform Security (SEC)::860:CERT Java Secure Coding Section 15 - Runtime Environment (ENV)::877:CERT C++ Secure Coding Section 09 - Input Output (FIO)::743:CERT C Secure Coding Section 09 - Input Output (FIO)
579 733::435:Interaction Error::758:Reliance on Undefined, Unspecified, or Implementation-Defined Behavior
580 74::707:Improper Enforcement of Message or Data Structure::20:Improper Input Validation::727:OWASP Top Ten 2004 Category A6 - Injection Flaws
581 749::808:2010 Top 25 - Weaknesses On the Cusp::485:Insufficient Encapsulation::691:Insufficient Control Flow Management
582 75::74:Improper Neutralization of Special Elements in Output Used by a Downstream Component ('Injection')
583 754::867:2011 Top 25 - Weaknesses On the Cusp::802:2010 Top 25 - Risky Resource Management::703:Improper Check or Handling of Exceptional Conditions::388:Error Handling::840:Business Logic Errors::876:CERT C++ Secure Coding Section 08 - Memory Management (MEM)::880:CERT C++ Secure Coding Section 12 - Exceptions and Error Handling (ERR)::742:CERT C Secure Coding Section 08 - Memory Management (MEM)
584 755::703:Improper Check or Handling of Exceptional Conditions::880:CERT C++ Secure Coding Section 12 - Exceptions and Error Handling (ERR)
585 756::755:Improper Handling of Exceptional Conditions::388:Error Handling
586 757::693:Protection Mechanism Failure
587 758::710:Coding Standards Violation
588 759::866:2011 Top 25 - Porous Defenses::327:Use of a Broken or Risky Cryptographic Algorithm::816:OWASP Top Ten 2010 Category A7 - Insecure Cryptographic Storage
589 76::75:Failure to Sanitize Special Elements into a Different Plane (Special Element Injection)
590 760::327:Use of a Broken or Risky Cryptographic Algorithm
591 761::763:Release of Invalid Pointer or Reference::399:Resource Management Errors::465:Pointer Issues
592 762::763:Release of Invalid Pointer or Reference::399:Resource Management Errors::876:CERT C++ Secure Coding Section 08 - Memory Management (MEM)
593 763::404:Improper Resource Shutdown or Release::399:Resource Management Errors::633:Weaknesses that Affect Memory::465:Pointer Issues
594 764::667:Improper Locking::675:Duplicate Operations on Resource
595 765::667:Improper Locking::675:Duplicate Operations on Resource
596 766::485:Insufficient Encapsulation::668:Exposure of Resource to Wrong Sphere::849:CERT Java Secure Coding Section 04 - Object Orientation (OBJ)
597 767::485:Insufficient Encapsulation::668:Exposure of Resource to Wrong Sphere
598 768::691:Insufficient Control Flow Management::171:Cleansing, Canonicalization, and Comparison Errors::871:CERT C++ Secure Coding Section 03 - Expressions (EXP)
599 77::74:Improper Neutralization of Special Elements in Output Used by a Downstream Component ('Injection')::20:Improper Input Validation::713:OWASP Top Ten 2007 Category A2 - Injection Flaws::727:OWASP Top Ten 2004 Category A6 - Injection Flaws::722:OWASP Top Ten 2004 Category A1 - Unvalidated Input
600 770::867:2011 Top 25 - Weaknesses On the Cusp::802:2010 Top 25 - Risky Resource Management::665:Improper Initialization::400:Uncontrolled Resource Consumption ('Resource Exhaustion')::840:Business Logic Errors::857:CERT Java Secure Coding Section 12 - Input Output (FIO)::858:CERT Java Secure Coding Section 13 - Serialization (SER)::861:CERT Java Secure Coding Section 49 - Miscellaneous (MSC)::876:CERT C++ Secure Coding Section 08 - Memory Management (MEM)::877:CERT C++ Secure Coding Section 09 - Input Output (FIO)
601 771::400:Uncontrolled Resource Consumption ('Resource Exhaustion')
602 772::867:2011 Top 25 - Weaknesses On the Cusp::808:2010 Top 25 - Weaknesses On the Cusp::404:Improper Resource Shutdown or Release::400:Uncontrolled Resource Consumption ('Resource Exhaustion')::861:CERT Java Secure Coding Section 49 - Miscellaneous (MSC)::882:CERT C++ Secure Coding Section 14 - Concurrency (CON)
603 773::771:Missing Reference to Active Allocated Resource::769:File Descriptor Exhaustion
604 774::770:Allocation of Resources Without Limits or Throttling::769:File Descriptor Exhaustion
605 775::772:Missing Release of Resource after Effective Lifetime::769:File Descriptor Exhaustion
606 776::409:Improper Handling of Highly Compressed Data (Data Amplification)
607 777::625:Permissive Regular Expression
608 778::223:Omission of Security-relevant Information::693:Protection Mechanism Failure::254:Security Features
609 779::400:Uncontrolled Resource Consumption ('Resource Exhaustion')::199:Information Management Errors::254:Security Features
610 78::864:2011 Top 25 - Insecure Interaction Between Components::801:2010 Top 25 - Insecure Interaction Between Components::77:Improper Neutralization of Special Elements used in a Command ('Command Injection')::634:Weaknesses that Affect System Processes::714:OWASP Top Ten 2007 Category A3 - Malicious File Execution::727:OWASP Top Ten 2004 Category A6 - Injection Flaws::741:CERT C Secure Coding Section 07 - Characters and Strings (STR)::744:CERT C Secure Coding Section 10 - Environment (ENV)::751:2009 Top 25 - Insecure Interaction Between Components::810:OWASP Top Ten 2010 Category A1 - Injection::845:CERT Java Secure Coding Section 00 - Input Validation and Data Sanitization (IDS)::860:CERT Java Secure Coding Section 15 - Runtime Environment (ENV)::875:CERT C++ Secure Coding Section 07 - Characters and Strings (STR)::878:CERT C++ Secure Coding Section 10 - Environment (ENV)
611 780::327:Use of a Broken or Risky Cryptographic Algorithm::310:Cryptographic Issues
612 781::20:Improper Input Validation::465:Pointer Issues
613 782::749:Exposed Dangerous Method or Function::284:Improper Access Control
614 783::670:Always-Incorrect Control Flow Implementation::569:Expression Issues::737:CERT C Secure Coding Section 03 - Expressions (EXP)
615 784::807:Reliance on Untrusted Inputs in a Security Decision::565:Reliance on Cookies without Validation and Integrity Checking::254:Security Features::442:Web Problems
616 785::676:Use of Potentially Dangerous Function::120:Buffer Copy without Checking Size of Input ('Classic Buffer Overflow')::20:Improper Input Validation::632:Weaknesses that Affect Files or Directories::633:Weaknesses that Affect Memory
617 786::119:Improper Restriction of Operations within the Bounds of a Memory Buffer
618 787::119:Improper Restriction of Operations within the Bounds of a Memory Buffer
619 788::119:Improper Restriction of Operations within the Bounds of a Memory Buffer
620 789::770:Allocation of Resources Without Limits or Throttling::20:Improper Input Validation
621 79::864:2011 Top 25 - Insecure Interaction Between Components::801:2010 Top 25 - Insecure Interaction Between Components::74:Improper Neutralization of Special Elements in Output Used by a Downstream Component ('Injection')::725:OWASP Top Ten 2004 Category A4 - Cross-Site Scripting (XSS) Flaws::722:OWASP Top Ten 2004 Category A1 - Unvalidated Input::442:Web Problems::20:Improper Input Validation::712:OWASP Top Ten 2007 Category A1 - Cross Site Scripting (XSS)::751:2009 Top 25 - Insecure Interaction Between Components::811:OWASP Top Ten 2010 Category A2 - Cross-Site Scripting (XSS)
622 790::138:Improper Neutralization of Special Elements
623 791::790:Improper Filtering of Special Elements
624 792::791:Incomplete Filtering of Special Elements
625 793::792:Incomplete Filtering of One or More Instances of Special Elements
626 794::792:Incomplete Filtering of One or More Instances of Special Elements
627 795::791:Incomplete Filtering of Special Elements
628 796::795:Only Filtering Special Elements at a Specified Location
629 797::795:Only Filtering Special Elements at a Specified Location
630 798::866:2011 Top 25 - Porous Defenses::803:2010 Top 25 - Porous Defenses::255:Credentials Management::287:Improper Authentication::344:Use of Invariant Value in Dynamically Changing Context::671:Lack of Administrator Control over Security::724:OWASP Top Ten 2004 Category A3 - Broken Authentication and Session Management::254:Security Features::753:2009 Top 25 - Porous Defenses::861:CERT Java Secure Coding Section 49 - Miscellaneous (MSC)::812:OWASP Top Ten 2010 Category A3 - Broken Authentication and Session Management
631 799::808:2010 Top 25 - Weaknesses On the Cusp::691:Insufficient Control Flow Management::438:Behavioral Problems::840:Business Logic Errors
632 8::4:J2EE Environment Issues::668:Exposure of Resource to Wrong Sphere::2:Environment
633 80::79:Improper Neutralization of Input During Web Page Generation ('Cross-site Scripting')
634 804::808:2010 Top 25 - Weaknesses On the Cusp::863:Incorrect Authorization::287:Improper Authentication::330:Use of Insufficiently Random Values
635 805::867:2011 Top 25 - Weaknesses On the Cusp::802:2010 Top 25 - Risky Resource Management::119:Improper Restriction of Operations within the Bounds of a Memory Buffer::874:CERT C++ Secure Coding Section 06 - Arrays and the STL (ARR)::740:CERT C Secure Coding Section 06 - Arrays (ARR)
636 806::805:Buffer Access with Incorrect Length Value
637 807::866:2011 Top 25 - Porous Defenses::803:2010 Top 25 - Porous Defenses::693:Protection Mechanism Failure::254:Security Features::878:CERT C++ Secure Coding Section 10 - Environment (ENV)::859:CERT Java Secure Coding Section 14 - Platform Security (SEC)
638 81::79:Improper Neutralization of Input During Web Page Generation ('Cross-site Scripting')
639 82::83:Improper Neutralization of Script in Attributes in a Web Page
640 820::662:Improper Synchronization::853:CERT Java Secure Coding Section 08 - Locking (LCK)
641 821::662:Improper Synchronization::854:CERT Java Secure Coding Section 09 - Thread APIs (THI)
642 822::867:2011 Top 25 - Weaknesses On the Cusp::119:Improper Restriction of Operations within the Bounds of a Memory Buffer::465:Pointer Issues::876:CERT C++ Secure Coding Section 08 - Memory Management (MEM)
643 823::119:Improper Restriction of Operations within the Bounds of a Memory Buffer::465:Pointer Issues
644 824::119:Improper Restriction of Operations within the Bounds of a Memory Buffer::465:Pointer Issues
645 825::867:2011 Top 25 - Weaknesses On the Cusp::119:Improper Restriction of Operations within the Bounds of a Memory Buffer::672:Operation on a Resource after Expiration or Release::465:Pointer Issues
646 826::666:Operation on Resource in Wrong Phase of Lifetime
647 827::706:Use of Incorrectly-Resolved Name or Reference::442:Web Problems::829:Inclusion of Functionality from Untrusted Control Sphere
648 828::364:Signal Handler Race Condition
649 829::864:2011 Top 25 - Insecure Interaction Between Components::669:Incorrect Resource Transfer Between Spheres::813:OWASP Top Ten 2010 Category A4 - Insecure Direct Object References
650 83::79:Improper Neutralization of Input During Web Page Generation ('Cross-site Scripting')
651 830::829:Inclusion of Functionality from Untrusted Control Sphere
652 831::364:Signal Handler Race Condition
653 832::667:Improper Locking
654 833::667:Improper Locking::853:CERT Java Secure Coding Section 08 - Locking (LCK)
655 834::691:Insufficient Control Flow Management::861:CERT Java Secure Coding Section 49 - Miscellaneous (MSC)
656 835::834:Excessive Iteration::861:CERT Java Secure Coding Section 49 - Miscellaneous (MSC)
657 836::287:Improper Authentication
658 837::799:Improper Control of Interaction Frequency
659 838::867:2011 Top 25 - Weaknesses On the Cusp::116:Improper Encoding or Escaping of Output::845:CERT Java Secure Coding Section 00 - Input Validation and Data Sanitization (IDS)
660 839::682:Incorrect Calculation::187:Partial Comparison::189:Numeric Errors
661 84::79:Improper Neutralization of Input During Web Page Generation ('Cross-site Scripting')
662 841::867:2011 Top 25 - Weaknesses On the Cusp::691:Insufficient Control Flow Management::840:Business Logic Errors::438:Behavioral Problems
663 842::286:Incorrect User Management
664 843::704:Incorrect Type Conversion or Cast
665 85::79:Improper Neutralization of Input During Web Page Generation ('Cross-site Scripting')
666 86::79:Improper Neutralization of Input During Web Page Generation ('Cross-site Scripting')::436:Interpretation Conflict
667 862::866:2011 Top 25 - Porous Defenses::285:Improper Authorization::813:OWASP Top Ten 2010 Category A4 - Insecure Direct Object References::817:OWASP Top Ten 2010 Category A8 - Failure to Restrict URL Access
668 863::866:2011 Top 25 - Porous Defenses::285:Improper Authorization::813:OWASP Top Ten 2010 Category A4 - Insecure Direct Object References::817:OWASP Top Ten 2010 Category A8 - Failure to Restrict URL Access
669 87::79:Improper Neutralization of Input During Web Page Generation ('Cross-site Scripting')
670 88::77:Improper Neutralization of Special Elements used in a Command ('Command Injection')::634:Weaknesses that Affect System Processes::741:CERT C Secure Coding Section 07 - Characters and Strings (STR)::744:CERT C Secure Coding Section 10 - Environment (ENV)::810:OWASP Top Ten 2010 Category A1 - Injection::875:CERT C++ Secure Coding Section 07 - Characters and Strings (STR)::878:CERT C++ Secure Coding Section 10 - Environment (ENV)
671 89::864:2011 Top 25 - Insecure Interaction Between Components::801:2010 Top 25 - Insecure Interaction Between Components::77:Improper Neutralization of Special Elements used in a Command ('Command Injection')::20:Improper Input Validation::722:OWASP Top Ten 2004 Category A1 - Unvalidated Input::727:OWASP Top Ten 2004 Category A6 - Injection Flaws::713:OWASP Top Ten 2007 Category A2 - Injection Flaws::751:2009 Top 25 - Insecure Interaction Between Components::810:OWASP Top Ten 2010 Category A1 - Injection
672 9::266:Incorrect Privilege Assignment::4:J2EE Environment Issues::2:Environment::723:OWASP Top Ten 2004 Category A2 - Broken Access Control
673 90::77:Improper Neutralization of Special Elements used in a Command ('Command Injection')::713:OWASP Top Ten 2007 Category A2 - Injection Flaws::810:OWASP Top Ten 2010 Category A1 - Injection
674 91::74:Improper Neutralization of Special Elements in Output Used by a Downstream Component ('Injection')::713:OWASP Top Ten 2007 Category A2 - Injection Flaws::727:OWASP Top Ten 2004 Category A6 - Injection Flaws::810:OWASP Top Ten 2010 Category A1 - Injection
675 93::74:Improper Neutralization of Special Elements in Output Used by a Downstream Component ('Injection')::713:OWASP Top Ten 2007 Category A2 - Injection Flaws
676 94::74:Improper Neutralization of Special Elements in Output Used by a Downstream Component ('Injection')::691:Insufficient Control Flow Management::752:2009 Top 25 - Risky Resource Management
677 95::94:Improper Control of Generation of Code ('Code Injection')::714:OWASP Top Ten 2007 Category A3 - Malicious File Execution::727:OWASP Top Ten 2004 Category A6 - Injection Flaws
678 96::94:Improper Control of Generation of Code ('Code Injection')::632:Weaknesses that Affect Files or Directories
679 97::96:Improper Neutralization of Directives in Statically Saved Code ('Static Code Injection')
680 98::802:2010 Top 25 - Risky Resource Management::706:Use of Incorrectly-Resolved Name or Reference::829:Inclusion of Functionality from Untrusted Control Sphere::632:Weaknesses that Affect Files or Directories::714:OWASP Top Ten 2007 Category A3 - Malicious File Execution::727:OWASP Top Ten 2004 Category A6 - Injection Flaws
681 99::74:Improper Neutralization of Special Elements in Output Used by a Downstream Component ('Injection')::20:Improper Input Validation
