CWE-347 Improper Verification of Cryptographic Signature: ['Trust', '0.34', 'Encryption', '0.56']
CWE-638 Not Using Complete Mediation: ['Owner', '3.63', 'User', '3.00', 'Client/Server', '3.27']
CWE-179 Incorrect Behavior Order: Early Validation: ['Transformation', '1.05']
CWE-324 Use of a Key Past its Expiration Date: ['Encryption', '0.56']
CWE-135 Incorrect Calculation of Multi-Byte String Length: ['Sanitize', '13.86', 'Max-Min', '7.99']
CWE-22 Improper Limitation of a Pathname to a Restricted Directory ('Path Traversal'): ['Owner', '4.23', 'User', '3.49', 'UI/GUI', '12.65', 'Sanitize', '16.30', 'DB/DNS/IDS/FW', '4.43', 'Client/Server', '3.85']
CWE-266 Incorrect Privilege Assignment: ['Owner', '3.63', 'User', '3.00', 'UI/GUI', '10.75', 'Client/Server', '3.27']
CWE-558 Use of getlogin() in Multithreaded Application: ['TimeOut', '7.99']
CWE-646 Reliance on File Name or Extension of Externally-Supplied File: ['Owner', '3.63', 'User', '3.00', 'Trust', '0.34']
CWE-74 Improper Neutralization of Special Elements in Output Used by a Downstream Component ('Injection'): ['Owner', '3.63', 'User', '3.00', 'Sanitize', '13.86', 'Transfering', '1.05']
CWE-42 Path Equivalence: 'filename.' (Trailing Dot): ['Sanitize', '13.86']
CWE-31 Path Traversal: 'dir\..\..\filename': ['Sanitize', '13.86']
CWE-250 Execution with Unnecessary Privileges: ['Owner', '4.23', 'User', '3.49', 'UI/GUI', '12.65', 'Client/Server', '3.85']
CWE-195 Signed to Unsigned Conversion Error: ['Transformation', '1.05', 'Max-Min', '7.99', 'ErrorHandling', '1.84']
CWE-704 Incorrect Type Conversion or Cast: ['Transformation', '1.05']
CWE-23 Relative Path Traversal: ['Owner', '3.63', 'User', '3.00', 'Sanitize', '13.86', 'Trust', '0.34']
CWE-413 Improper Resource Locking: ['TimeOut', '7.99']
CWE-368 Context Switching Race Condition: ['Trust', '0.34', 'TimeOut', '7.99', 'WebAppService', '2.57']
CWE-647 Use of Non-Canonical URL Paths for Authorization Decisions: ['Sanitize', '13.86', 'WebAppService', '2.57']
CWE-81 Improper Neutralization of Script in an Error Message Web Page: ['Sanitize', '13.86', 'WebAppService', '2.57']
CWE-433 Unparsed Raw Web Content Delivery: ['DB/DNS/IDS/FW', '3.40', 'WebAppService', '2.57']
CWE-150 Improper Neutralization of Escape Meta or Control Sequences: ['Sanitize', '13.86', 'Transfering', '1.05', 'Trust', '0.34']
CWE-306 Missing Authentication for Critical Function: ['Owner', '4.23', 'User', '3.49']
CWE-292 Trusting Self-reported DNS Name: ['Trust', '0.34', 'DB/DNS/IDS/FW', '3.40', 'Spoofing', '0.31']
CWE-353 Missing Support for Integrity Check: ['Transfering', '1.05', 'DB/DNS/IDS/FW', '3.40', 'Tampering', '0.31']
CWE-184 Incomplete Blacklist: ['Owner', '3.63', 'User', '3.00', 'UI/GUI', '10.75']
CWE-222 Truncation of Security-relevant Information: ['Transformation', '1.05', 'DB/DNS/IDS/FW', '3.40']
CWE-127 Buffer Under-read: ['Max-Min', '7.99']
CWE-122 Heap-based Buffer Overflow: ['Max-Min', '7.99']
CWE-640 Weak Password Recovery Mechanism for Forgotten Password: ['Owner', '3.63', 'User', '3.00', 'UI/GUI', '10.75', 'Encryption', '0.56']
CWE-651 Information Exposure Through WSDL File: ['WebAppService', '2.57']
CWE-232 Improper Handling of Undefined Values: ['Sanitize', '13.86']
CWE-350 Improperly Trusted Reverse DNS: ['Trust', '0.34', 'DB/DNS/IDS/FW', '3.40', 'Spoofing', '0.31']
CWE-168 Improper Handling of Inconsistent Special Elements: ['Sanitize', '13.86']
CWE-378 Creation of Temporary File With Insecure Permissions: ['Owner', '3.63', 'User', '3.00', 'Trust', '0.34']
CWE-332 Insufficient Entropy in PRNG: ['Encryption', '0.56']
CWE-357 Insufficient UI Warning of Dangerous Operations: ['Owner', '3.63', 'User', '3.00', 'UI/GUI', '10.75']
CWE-53 Path Equivalence: '\multiple\\internal\backslash': ['Sanitize', '13.86']
CWE-158 Improper Neutralization of Null Byte or NUL Character: ['Sanitize', '13.86', 'Transfering', '1.05', 'Trust', '0.34']
CWE-48 Path Equivalence: 'file name' (Internal Whitespace): ['Sanitize', '13.86']
CWE-211 Information Exposure Through External Error Message: ['DB/DNS/IDS/FW', '3.40', 'Thirdparty', '2.52', 'ErrorHandling', '1.84']
CWE-472 External Control of Assumed-Immutable Web Parameter: ['Transformation', '1.05', 'DB/DNS/IDS/FW', '3.40', 'Tampering', '0.31', 'WebAppService', '2.57']
CWE-863 Incorrect Authorization: ['Owner', '4.23', 'User', '3.49']
CWE-287 Improper Authentication: ['Owner', '3.63', 'User', '3.00', 'UI/GUI', '10.75']
CWE-298 Improper Validation of Certificate Expiration: ['Trust', '0.34']
CWE-356 Product UI does not Warn User of Unsafe Actions: ['Owner', '3.63', 'User', '3.00', 'UI/GUI', '10.75']
CWE-29 Path Traversal: '\..\filename': ['Sanitize', '13.86']
CWE-141 Improper Neutralization of Parameter/Argument Delimiters: ['Sanitize', '13.86', 'Transfering', '1.05', 'Trust', '0.34']
CWE-65 Windows Hard Link: ['Owner', '3.63', 'User', '3.00']
CWE-258 Empty Password in Configuration File: ['Owner', '3.63', 'User', '3.00', 'Encryption', '0.56']
CWE-335 PRNG Seed Error: ['Encryption', '0.56']
CWE-321 Use of Hard-coded Cryptographic Key: ['Encryption', '0.56']
CWE-231 Improper Handling of Extra Values: ['Sanitize', '13.86']
CWE-114 Process Control: ['Owner', '3.63', 'User', '3.00', 'UI/GUI', '10.75', 'Trust', '0.34', 'Thirdparty', '2.52', 'Tampering', '0.31']
CWE-38 Path Traversal: '\absolute\pathname\here': ['Sanitize', '13.86']
CWE-143 Improper Neutralization of Record Delimiters: ['Sanitize', '13.86', 'Transfering', '1.05', 'Trust', '0.34']
CWE-185 Incorrect Regular Expression: ['Sanitize', '13.86']
CWE-502 Deserialization of Untrusted Data: ['Transfering', '1.05', 'Trust', '0.34', 'Tampering', '0.31']
CWE-84 Improper Neutralization of Encoded URI Schemes in a Web Page: ['Sanitize', '13.86', 'WebAppService', '2.57']
CWE-365 Race Condition in Switch: ['TimeOut', '7.99']
CWE-377 Insecure Temporary File: ['Owner', '3.63', 'User', '3.00', 'Trust', '0.34', 'TimeOut', '7.99', 'Client/Server', '3.27']
CWE-197 Numeric Truncation Error: ['Transformation', '1.05', 'Max-Min', '7.99', 'ErrorHandling', '1.84']
CWE-44 Path Equivalence: 'file.name' (Internal Dot): ['Sanitize', '13.86']
CWE-444 Inconsistent Interpretation of HTTP Requests ('HTTP Request Smuggling'): ['DB/DNS/IDS/FW', '3.40', 'WebAppService', '2.57']
CWE-450 Multiple Interpretations of UI Input: ['Owner', '3.63', 'User', '3.00', 'UI/GUI', '10.75', 'Sanitize', '13.86']
CWE-326 Inadequate Encryption Strength: ['Transfering', '1.05', 'Encryption', '0.56']
CWE-733 Compiler Optimization Removal or Modification of Security-critical Code: ['Transformation', '1.05', 'Encryption', '0.56', 'Client/Server', '3.27']
CWE-35 Path Traversal: '.../...//': ['Sanitize', '13.86']
CWE-33 Path Traversal: '....' (Multiple Dot): ['Sanitize', '13.86']
CWE-601 URL Redirection to Untrusted Site ('Open Redirect'): ['Trust', '0.44', 'DB/DNS/IDS/FW', '4.43', 'WebAppService', '3.35']
CWE-315 Plaintext Storage in a Cookie: ['Encryption', '0.56']
CWE-313 Plaintext Storage in a File or on Disk: ['Encryption', '0.56']
CWE-288 Authentication Bypass Using an Alternate Path or Channel: ['Owner', '3.63', 'User', '3.00', 'DB/DNS/IDS/FW', '3.40']
CWE-269 Improper Privilege Management: ['Owner', '3.63', 'User', '3.00', 'UI/GUI', '10.75']
CWE-170 Improper Null Termination: ['Sanitize', '13.86']
CWE-318 Plaintext Storage in Executable: ['Encryption', '0.56']
CWE-406 Insufficient Control of Network Message Volume (Network Amplification): ['Owner', '3.63', 'User', '3.00', 'Transfering', '1.05', 'Trust', '0.34', 'DB/DNS/IDS/FW', '3.40', 'Max-Min', '7.99', 'Thirdparty', '2.52']
CWE-435 Interaction Error: ['ErrorHandling', '1.84']
CWE-93 Improper Neutralization of CRLF Sequences ('CRLF Injection'): ['UI/GUI', '10.75', 'Sanitize', '13.86', 'Transformation', '1.05', 'Transfering', '1.05']
CWE-124 Buffer Underwrite ('Buffer Underflow'): ['Max-Min', '7.99']
CWE-705 Incorrect Control Flow Scoping: ['Client/Server', '3.27']
CWE-329 Not Using a Random IV with CBC Mode: ['Encryption', '0.56']
CWE-154 Improper Neutralization of Variable Name Delimiters: ['Sanitize', '13.86', 'Transfering', '1.05', 'Trust', '0.34']
CWE-366 Race Condition within a Thread: ['TimeOut', '7.99']
CWE-393 Return of Wrong Status Code: ['ErrorHandling', '1.84']
CWE-648 Incorrect Use of Privileged APIs: ['Owner', '3.63', 'User', '3.00']
CWE-77 Improper Neutralization of Special Elements used in a Command ('Command Injection'): ['Owner', '3.63', 'User', '3.00', 'UI/GUI', '10.75', 'Sanitize', '13.86', 'Transfering', '1.05', 'DB/DNS/IDS/FW', '3.40']
CWE-25 Path Traversal: '/../filedir': ['Sanitize', '13.86']
CWE-165 Improper Neutralization of Multiple Internal Special Elements: ['Sanitize', '13.86', 'Transfering', '1.05', 'Trust', '0.34']
CWE-164 Improper Neutralization of Internal Special Elements: ['Sanitize', '13.86', 'Transfering', '1.05', 'Trust', '0.34']
CWE-156 Improper Neutralization of Whitespace: ['Sanitize', '13.86', 'Transfering', '1.05', 'Trust', '0.34']
CWE-272 Least Privilege Violation: ['Owner', '3.63', 'User', '3.00', 'UI/GUI', '10.75']
CWE-448 Obsolete Feature in UI: ['Owner', '3.63', 'User', '3.00', 'UI/GUI', '10.75']
CWE-55 Path Equivalence: '/./' (Single Dot Directory): ['Sanitize', '13.86']
CWE-209 Information Exposure Through an Error Message: ['DB/DNS/IDS/FW', '3.40', 'ErrorHandling', '1.84']
CWE-126 Buffer Over-read: ['Max-Min', '7.99']
CWE-804 Guessable CAPTCHA: ['Trust', '0.34', 'Encryption', '0.56', 'WebAppService', '2.57']
CWE-325 Missing Required Cryptographic Step: ['Encryption', '0.56']
CWE-118 Improper Access of Indexable Resource ('Range Error'): ['Max-Min', '7.99']
CWE-278 Insecure Preserved Inherited Permissions: ['Owner', '3.63', 'User', '3.00', 'Trust', '0.34']
CWE-252 Unchecked Return Value: ['ErrorHandling', '1.84']
CWE-455 Non-exit on Failed Initialization: ['ErrorHandling', '1.84']
CWE-342 Predictable Exact Value from Previous Values: ['Encryption', '0.56']
CWE-36 Absolute Path Traversal: ['Sanitize', '13.86']
CWE-119 Improper Restriction of Operations within the Bounds of a Memory Buffer: ['Max-Min', '7.99']
CWE-359 Privacy Violation: ['Trust', '0.34', 'Tampering', '0.31', 'Encryption', '0.56', 'Client/Server', '3.27', 'Logs', '11.02']
CWE-183 Permissive Whitelist: ['Owner', '3.63', 'User', '3.00', 'UI/GUI', '10.75']
CWE-283 Unverified Ownership: ['Owner', '3.63', 'User', '3.00', 'UI/GUI', '10.75']
CWE-75 Failure to Sanitize Special Elements into a Different Plane (Special Element Injection): ['Sanitize', '13.86']
CWE-91 XML Injection (aka Blind XPath Injection): ['Owner', '3.63', 'User', '3.00', 'UI/GUI', '10.75', 'Sanitize', '13.86', 'Transformation', '1.05', 'Transfering', '1.05', 'WebAppService', '2.57']
CWE-538 File and Directory Information Exposure: ['Owner', '3.63', 'User', '3.00', 'UI/GUI', '10.75', 'Trust', '0.34', 'Tampering', '0.31', 'Encryption', '0.56']
CWE-90 Improper Neutralization of Special Elements used in an LDAP Query ('LDAP Injection'): ['Owner', '3.63', 'User', '3.00', 'UI/GUI', '10.75', 'Sanitize', '13.86', 'Transformation', '1.05', 'Transfering', '1.05', 'DB/DNS/IDS/FW', '3.40']
CWE-86 Improper Neutralization of Invalid Characters in Identifiers in Web Pages: ['Sanitize', '13.86', 'WebAppService', '2.57']
CWE-27 Path Traversal: 'dir/../../filename': ['Sanitize', '13.86']
CWE-789 Uncontrolled Memory Allocation: ['Max-Min', '7.99']
CWE-121 Stack-based Buffer Overflow: ['Max-Min', '7.99']
CWE-799 Improper Control of Interaction Frequency: ['Owner', '3.63', 'User', '3.00', 'TimeOut', '7.99']
CWE-707 Improper Enforcement of Message or Data Structure: ['Transfering', '1.05', 'Tampering', '0.31']
CWE-173 Improper Handling of Alternate Encoding: ['Sanitize', '13.86']
CWE-270 Privilege Context Switching Error: ['Owner', '3.63', 'User', '3.00', 'WebAppService', '2.57']
CWE-314 Plaintext Storage in the Registry: ['Encryption', '0.56']
CWE-392 Missing Report of Error Condition: ['ErrorHandling', '1.84']
CWE-41 Improper Resolution of Path Equivalence: ['Sanitize', '13.86']
CWE-175 Improper Handling of Mixed Encoding: ['Sanitize', '13.86']
CWE-116 Improper Encoding or Escaping of Output: ['Sanitize', '13.86', 'Transformation', '1.05', 'Transfering', '1.05']
CWE-649 Reliance on Obfuscation or Encryption of Security-Relevant Inputs without Integrity Checking: ['Encryption', '0.56']
CWE-87 Improper Neutralization of Alternate XSS Syntax: ['Sanitize', '13.86', 'WebAppService', '2.57']
CWE-160 Improper Neutralization of Leading Special Elements: ['Sanitize', '13.86', 'Transfering', '1.05', 'Trust', '0.34']
CWE-274 Improper Handling of Insufficient Privileges: ['Owner', '3.63', 'User', '3.00']
CWE-375 Returning a Mutable Object to an Untrusted Caller: ['Trust', '0.34']
CWE-354 Improper Validation of Integrity Check Value: ['Tampering', '0.31']
CWE-276 Incorrect Default Permissions: ['Owner', '3.63', 'User', '3.00', 'UI/GUI', '10.75', 'Client/Server', '3.27']
CWE-138 Improper Neutralization of Special Elements: ['Sanitize', '13.86', 'Transfering', '1.05', 'Trust', '0.34', 'Client/Server', '3.27']
CWE-637 Unnecessary Complexity in Protection Mechanism (Not Using 'Economy of Mechanism'): ['Owner', '3.63', 'User', '3.00']
CWE-286 Incorrect User Management: ['Owner', '3.63', 'User', '3.00', 'UI/GUI', '10.75', 'Client/Server', '3.27']
CWE-838 Inappropriate Encoding for Output Context: ['Sanitize', '13.86', 'Transfering', '1.05']
CWE-323 Reusing a Nonce Key Pair in Encryption: ['Encryption', '0.56']
CWE-40 Path Traversal: '\\UNC\share\name\' (Windows UNC Share): ['Sanitize', '13.86']
CWE-420 Unprotected Alternate Channel: ['Owner', '3.63', 'User', '3.00', 'Spoofing', '0.31', 'Encryption', '0.56']
CWE-279 Incorrect Execution-Assigned Permissions: ['Owner', '3.63', 'User', '3.00']
CWE-146 Improper Neutralization of Expression/Command Delimiters: ['Sanitize', '13.86', 'Transfering', '1.05', 'Trust', '0.34']
CWE-280 Improper Handling of Insufficient Permissions or Privileges : ['Owner', '3.63', 'User', '3.00', 'Client/Server', '3.27']
CWE-639 Authorization Bypass Through User-Controlled Key: ['Owner', '3.63', 'User', '3.00', 'UI/GUI', '10.75']
CWE-289 Authentication Bypass by Alternate Name: ['Owner', '3.63', 'User', '3.00']
CWE-339 Small Seed Space in PRNG: ['Encryption', '0.56']
CWE-88 Argument Injection or Modification: ['UI/GUI', '10.75', 'Sanitize', '13.86', 'Transformation', '1.05']
CWE-123 Write-what-where Condition: ['Owner', '3.63', 'User', '3.00', 'UI/GUI', '10.75', 'Sanitize', '13.86', 'Tampering', '0.31']
CWE-379 Creation of Temporary File in Directory with Incorrect Permissions: ['Owner', '3.63', 'User', '3.00', 'Trust', '0.34']
CWE-76 Improper Neutralization of Equivalent Special Elements: ['Sanitize', '13.86']
CWE-85 Doubled Character XSS Manipulations: ['Sanitize', '13.86', 'WebAppService', '2.57']
CWE-319 Cleartext Transmission of Sensitive Information: ['Transformation', '1.05', 'Transfering', '1.05', 'Trust', '0.34', 'Encryption', '0.56']
CWE-394 Unexpected Status Code or Return Value: ['ErrorHandling', '1.84']
CWE-643 Improper Neutralization of Data within XPath Expressions ('XPath Injection'): ['Sanitize', '13.86', 'WebAppService', '2.57']
CWE-322 Key Exchange without Entity Authentication: ['Owner', '3.63', 'User', '3.00', 'Transfering', '1.05', 'Trust', '0.34', 'Encryption', '0.56']
CWE-778 Insufficient Logging: ['Owner', '3.63', 'User', '3.00', 'DB/DNS/IDS/FW', '3.40', 'Thirdparty', '2.52', 'Logs', '11.02']
CWE-155 Improper Neutralization of Wildcards or Matching Symbols: ['Sanitize', '13.86', 'Transfering', '1.05', 'Trust', '0.34']
CWE-144 Improper Neutralization of Line Delimiters: ['Sanitize', '13.86', 'Transfering', '1.05', 'Trust', '0.34']
CWE-273 Improper Check for Dropped Privileges: ['Owner', '3.63', 'User', '3.00']
CWE-267 Privilege Defined With Unsafe Actions: ['Owner', '3.63', 'User', '3.00', 'UI/GUI', '10.75', 'Tampering', '0.31']
CWE-89 Improper Neutralization of Special Elements used in an SQL Command ('SQL Injection'): ['Owner', '4.23', 'User', '3.49', 'UI/GUI', '12.65', 'Sanitize', '16.30', 'Transformation', '1.24', 'Transfering', '1.24', 'DB/DNS/IDS/FW', '4.43']
CWE-441 Unintended Proxy/Intermediary: ['Owner', '3.63', 'User', '3.00', 'Trust', '0.34', 'DB/DNS/IDS/FW', '3.40', 'Thirdparty', '2.52', 'Spoofing', '0.31', 'Encryption', '0.56']
CWE-58 Path Equivalence: Windows 8.3 Filename: ['Sanitize', '13.86']
CWE-414 Missing Lock Check: ['TimeOut', '7.99']
CWE-115 Misinterpretation of Input: ['Owner', '3.63', 'User', '3.00', 'UI/GUI', '10.75', 'Sanitize', '13.86']
CWE-835 Loop with Unreachable Exit Condition ('Infinite Loop'): ['TimeOut', '7.99', 'Max-Min', '7.99']
CWE-43 Path Equivalence: 'filename....' (Multiple Trailing Dot): ['Sanitize', '13.86']
CWE-432 Dangerous Signal Handler not Disabled During Sensitive Operations: ['TimeOut', '7.99']
CWE-653 Insufficient Compartmentalization: ['Client/Server', '3.27']
CWE-271 Privilege Dropping / Lowering Errors: ['Owner', '3.63', 'User', '3.00']
CWE-454 External Initialization of Trusted Variables or Data Stores: ['Sanitize', '13.86', 'Trust', '0.34']
CWE-367 Time-of-check Time-of-use (TOCTOU) Race Condition: ['Trust', '0.34', 'TimeOut', '7.99', 'Tampering', '0.31']
CWE-708 Incorrect Ownership Assignment: ['Owner', '3.63', 'User', '3.00']
CWE-837 Improper Enforcement of a Single Unique Action: ['Owner', '3.63', 'User', '3.00']
CWE-297 Improper Validation of Host-specific Certificate Data: ['Trust', '0.34', 'DB/DNS/IDS/FW', '3.40', 'Spoofing', '0.31']
CWE-471 Modification of Assumed-Immutable Data (MAID): ['Owner', '3.63', 'User', '3.00', 'UI/GUI', '10.75', 'Transformation', '1.05', 'Trust', '0.34', 'Tampering', '0.31']
CWE-308 Use of Single-factor Authentication: ['Owner', '3.63', 'User', '3.00', 'UI/GUI', '10.75', 'DB/DNS/IDS/FW', '3.40']
CWE-767 Access to Critical Private Variable via Public Method: ['Transformation', '1.05']
CWE-83 Improper Neutralization of Script in Attributes in a Web Page: ['Sanitize', '13.86', 'WebAppService', '2.57']
CWE-113 Improper Neutralization of CRLF Sequences in HTTP Headers ('HTTP Response Splitting'): ['UI/GUI', '10.75', 'Sanitize', '13.86', 'Transfering', '1.05', 'Trust', '0.34', 'DB/DNS/IDS/FW', '3.40', 'WebAppService', '2.57']
CWE-259 Use of Hard-coded Password: ['Owner', '3.63', 'User', '3.00', 'Encryption', '0.56']
CWE-691 Insufficient Control Flow Management: ['Transfering', '1.05']
CWE-202 Exposure of Sensitive Data Through Data Queries: ['DB/DNS/IDS/FW', '3.40', 'WebAppService', '2.57']
CWE-301 Reflection Attack in an Authentication Protocol: ['Owner', '3.63', 'User', '3.00', 'Trust', '0.34', 'DB/DNS/IDS/FW', '3.40', 'Encryption', '0.56']
CWE-78 Improper Neutralization of Special Elements used in an OS Command ('OS Command Injection'): ['Owner', '4.23', 'User', '3.49', 'UI/GUI', '12.65', 'Sanitize', '16.30', 'Transfering', '1.24', 'DB/DNS/IDS/FW', '4.43']
CWE-166 Improper Handling of Missing Special Element: ['Sanitize', '13.86', 'Trust', '0.34']
CWE-317 Plaintext Storage in GUI: ['UI/GUI', '10.75', 'Encryption', '0.56', 'Client/Server', '3.27']
CWE-391 Unchecked Error Condition: ['ErrorHandling', '1.84']
CWE-421 Race Condition During Access to Alternate Channel: ['Owner', '3.63', 'User', '3.00', 'TimeOut', '7.99']
CWE-45 Path Equivalence: 'file...name' (Multiple Internal Dot): ['Sanitize', '13.86']
CWE-28 Path Traversal: '..\filedir': ['Sanitize', '13.86']
CWE-305 Authentication Bypass by Primary Weakness: ['Owner', '3.63', 'User', '3.00']
CWE-24 Path Traversal: '../filedir': ['Sanitize', '13.86']
CWE-282 Improper Ownership Management: ['Owner', '3.63', 'User', '3.00', 'UI/GUI', '10.75']
CWE-59 Improper Link Resolution Before File Access ('Link Following'): ['Trust', '0.34']
CWE-336 Same Seed in PRNG: ['Encryption', '0.56']
CWE-425 Direct Request ('Forced Browsing'): ['DB/DNS/IDS/FW', '3.40', 'WebAppService', '2.57']
CWE-212 Improper Cross-boundary Removal of Sensitive Data: ['Transfering', '1.05', 'Trust', '0.34']
CWE-67 Improper Handling of Windows Device Names: ['Sanitize', '13.86']
CWE-30 Path Traversal: '\dir\..\filename': ['Sanitize', '13.86']
CWE-348 Use of Less Trusted Source: ['Trust', '0.34', 'Tampering', '0.31']
CWE-779 Logging of Excessive Data: ['Max-Min', '7.99', 'Logs', '11.02']
CWE-34 Path Traversal: '....//': ['Sanitize', '13.86']
CWE-235 Improper Handling of Extra Parameters: ['Sanitize', '13.86']
CWE-97 Improper Neutralization of Server-Side Includes (SSI) Within a Web Page: ['Owner', '3.63', 'User', '3.00', 'Sanitize', '13.86', 'WebAppService', '2.57']
CWE-404 Improper Resource Shutdown or Release: ['DB/DNS/IDS/FW', '3.40', 'TimeOut', '7.99', 'Client/Server', '3.27']
CWE-51 Path Equivalence: '/multiple//internal/slash': ['Sanitize', '13.86']
CWE-196 Unsigned to Signed Conversion Error: ['Transformation', '1.05', 'Max-Min', '7.99', 'ErrorHandling', '1.84']
CWE-134 Uncontrolled Format String: ['UI/GUI', '12.65', 'Sanitize', '16.30']
CWE-501 Trust Boundary Violation: ['Trust', '0.34']
CWE-176 Improper Handling of Unicode Encoding: ['Sanitize', '13.86']
CWE-131 Incorrect Calculation of Buffer Size: ['Max-Min', '9.40']
CWE-145 Improper Neutralization of Section Delimiters: ['Sanitize', '13.86', 'Transfering', '1.05', 'Trust', '0.34']
CWE-836 Use of Password Hash Instead of Password for Authentication: ['Owner', '3.63', 'User', '3.00', 'Encryption', '0.56']
CWE-543 Use of Singleton Pattern Without Synchronization in a Multithreaded Context: ['TimeOut', '7.99']
CWE-333 Improper Handling of Insufficient Entropy in TRNG: ['Encryption', '0.56']
CWE-190 Integer Overflow or Wraparound: ['Max-Min', '9.40']
CWE-96 Improper Neutralization of Directives in Statically Saved Code ('Static Code Injection'): ['Sanitize', '13.86', 'Transformation', '1.05', 'Transfering', '1.05']
CWE-682 Incorrect Calculation: ['Transformation', '1.05', 'Max-Min', '7.99']
CWE-302 Authentication Bypass by Assumed-Immutable Data: ['Owner', '3.63', 'User', '3.00', 'Transformation', '1.05', 'Trust', '0.34', 'Tampering', '0.31']
CWE-650 Trusting HTTP Permission Methods on the Server Side: ['DB/DNS/IDS/FW', '3.40', 'WebAppService', '2.57']
CWE-331 Insufficient Entropy: ['Encryption', '0.56']
CWE-281 Improper Preservation of Permissions: ['Owner', '3.63', 'User', '3.00']
CWE-605 Multiple Binds to the Same Port: ['DB/DNS/IDS/FW', '3.40']
CWE-655 Insufficient Psychological Acceptability: ['Owner', '3.63', 'User', '3.00']
CWE-49 Path Equivalence: 'filename/' (Trailing Slash): ['Sanitize', '13.86']
CWE-842 Placement of User into Incorrect Group: ['Owner', '3.63', 'User', '3.00', 'Client/Server', '3.27']
CWE-261 Weak Cryptography for Passwords: ['Owner', '3.63', 'User', '3.00', 'Encryption', '0.56']
CWE-620 Unverified Password Change: ['Owner', '3.63', 'User', '3.00', 'UI/GUI', '10.75', 'Encryption', '0.56']
CWE-32 Path Traversal: '...' (Triple Dot): ['Sanitize', '13.86']
CWE-434 Unrestricted Upload of File with Dangerous Type: ['Owner', '4.23', 'User', '3.49', 'UI/GUI', '12.65', 'Transfering', '1.24', 'Trust', '0.44', 'DB/DNS/IDS/FW', '4.43', 'Attachment', '0.40', 'WebAppService', '3.35']
CWE-294 Authentication Bypass by Capture-replay: ['Owner', '3.63', 'User', '3.00', 'DB/DNS/IDS/FW', '3.40', 'Spoofing', '0.31', 'Encryption', '0.56']
CWE-494 Download of Code Without Integrity Check: ['Owner', '4.23', 'User', '3.49', 'UI/GUI', '12.65', 'Trust', '0.44', 'DB/DNS/IDS/FW', '4.43', 'Tampering', '0.40', 'Client/Server', '3.85']
CWE-451 UI Misrepresentation of Critical Information: ['Owner', '3.63', 'User', '3.00', 'UI/GUI', '10.75']
CWE-125 Out-of-bounds Read: ['Max-Min', '7.99']
CWE-419 Unprotected Primary Channel: ['Owner', '3.63', 'User', '3.00', 'Spoofing', '0.31', 'Encryption', '0.56']
CWE-343 Predictable Value Range from Previous Values: ['Encryption', '0.56']
CWE-268 Privilege Chaining: ['Owner', '3.63', 'User', '3.00', 'UI/GUI', '10.75']
CWE-299 Improper Check for Certificate Revocation: ['Trust', '0.34']
CWE-26 Path Traversal: '/dir/../filename': ['Sanitize', '13.86']
CWE-652 Improper Neutralization of Data within XQuery Expressions ('XQuery Injection'): ['Sanitize', '13.86', 'Transfering', '1.05', 'WebAppService', '2.57']
CWE-174 Double Decoding of the Same Data: ['Sanitize', '13.86']
CWE-73 External Control of File Name or Path: ['Owner', '3.63', 'User', '3.00', 'Sanitize', '13.86', 'Trust', '0.34']
CWE-54 Path Equivalence: 'filedir\' (Trailing Backslash): ['Sanitize', '13.86']
CWE-293 Using Referer Field for Authentication: ['Trust', '0.34', 'DB/DNS/IDS/FW', '3.40', 'Spoofing', '0.31', 'WebAppService', '2.57']
CWE-178 Improper Handling of Case Sensitivity: ['Sanitize', '13.86']
CWE-346 Origin Validation Error: ['Trust', '0.34']
CWE-311 Missing Encryption of Sensitive Data: ['Transfering', '1.24', 'Encryption', '0.40']
CWE-194 Unexpected Sign Extension: ['Max-Min', '7.99', 'ErrorHandling', '1.84']
CWE-50 Path Equivalence: '//multiple/leading/slash': ['Sanitize', '13.86']
CWE-20 Improper Input Validation: ['Owner', '3.63', 'User', '3.00', 'UI/GUI', '10.75', 'Sanitize', '13.86', 'Transfering', '1.05', 'Trust', '0.34', 'Tampering', '0.31']
CWE-80 Improper Neutralization of Script-Related HTML Tags in a Web Page (Basic XSS): ['Sanitize', '13.86', 'Transfering', '1.05', 'WebAppService', '2.57']
CWE-153 Improper Neutralization of Substitution Characters: ['Sanitize', '13.86', 'Transfering', '1.05', 'Trust', '0.34']
CWE-247 Reliance on DNS Lookups in a Security Decision: ['Trust', '0.34', 'DB/DNS/IDS/FW', '3.40', 'Spoofing', '0.31', 'Client/Server', '3.27']
CWE-390 Detection of Error Condition Without Action: ['ErrorHandling', '1.84']
CWE-732 Incorrect Permission Assignment for Critical Resource: ['Owner', '4.23', 'User', '3.49']
CWE-220 Sensitive Data Under FTP Root: ['Trust', '0.34', 'DB/DNS/IDS/FW', '3.40', 'Client/Server', '3.27']
CWE-656 Reliance on Security Through Obscurity: ['Trust', '0.34', 'Encryption', '0.56']
CWE-345 Insufficient Verification of Data Authenticity: ['Owner', '3.63', 'User', '3.00', 'Spoofing', '0.31', 'Tampering', '0.31']
CWE-358 Improperly Implemented Security Check for Standard: ['Owner', '3.63', 'User', '3.00', 'Sanitize', '13.86', 'Spoofing', '0.31', 'Tampering', '0.31', 'Client/Server', '3.27']
CWE-147 Improper Neutralization of Input Terminators: ['Sanitize', '13.86', 'Transfering', '1.05', 'Trust', '0.34']
CWE-422 Unprotected Windows Messaging Channel ('Shatter'): ['Owner', '3.63', 'User', '3.00']
CWE-161 Improper Neutralization of Multiple Leading Special Elements: ['Sanitize', '13.86', 'Transfering', '1.05', 'Trust', '0.34']
CWE-602 Client-Side Enforcement of Server-Side Security: ['Owner', '3.63', 'User', '3.00', 'UI/GUI', '10.75', 'Transfering', '1.05', 'Trust', '0.34', 'Client/Server', '3.27']
CWE-400 Uncontrolled Resource Consumption ('Resource Exhaustion'): ['Owner', '3.63', 'User', '3.00', 'Trust', '0.34', 'DB/DNS/IDS/FW', '3.40', 'TimeOut', '7.99', 'Max-Min', '7.99']
CWE-162 Improper Neutralization of Trailing Special Elements: ['Sanitize', '13.86', 'Transfering', '1.05', 'Trust', '0.34']
CWE-248 Uncaught Exception: ['ErrorHandling', '1.84', 'Client/Server', '3.27']
CWE-807 Reliance on Untrusted Inputs in a Security Decision: ['Owner', '4.23', 'User', '3.49', 'Sanitize', '16.30', 'Trust', '0.44', 'Spoofing', '0.40']
CWE-805 Buffer Access with Incorrect Length Value: ['Max-Min', '7.99']
CWE-644 Improper Neutralization of HTTP Headers for Scripting Syntax: ['Sanitize', '13.86', 'WebAppService', '2.57']
CWE-642 External Control of Critical State Data: ['Transformation', '1.05', 'Tampering', '0.31', 'Encryption', '0.56']
CWE-193 Off-by-one Error: ['Max-Min', '7.99', 'ErrorHandling', '1.84']
CWE-385 Covert Timing Channel: ['TimeOut', '7.99']
CWE-130 Improper Handling of Length Parameter Inconsistency : ['Sanitize', '13.86', 'Max-Min', '7.99']
CWE-260 Password in Configuration File: ['Owner', '3.63', 'User', '3.00', 'Encryption', '0.56']
CWE-316 Plaintext Storage in Memory: ['Encryption', '0.56']
CWE-693 Protection Mechanism Failure: ['Owner', '3.63', 'User', '3.00', 'Spoofing', '0.31']
CWE-364 Signal Handler Race Condition: ['TimeOut', '7.99']
CWE-285 Improper Authorization: ['Owner', '3.63', 'User', '3.00', 'UI/GUI', '10.75', 'Tampering', '0.31']
CWE-337 Predictable Seed in PRNG: ['Encryption', '0.56']
CWE-163 Improper Neutralization of Multiple Trailing Special Elements: ['Sanitize', '13.86', 'Transfering', '1.05', 'Trust', '0.34']
CWE-338 Use of Cryptographically Weak PRNG: ['Encryption', '0.56']
CWE-782 Exposed IOCTL with Insufficient Access Control: ['Owner', '3.63', 'User', '3.00']
CWE-152 Improper Neutralization of Macro Symbols: ['Sanitize', '13.86', 'Transfering', '1.05', 'Trust', '0.34']
CWE-200 Information Exposure: ['Thirdparty', '2.52', 'Encryption', '0.56']
CWE-363 Race Condition Enabling Link Following: ['TimeOut', '7.99']
CWE-262 Not Using Password Aging: ['Owner', '3.63', 'User', '3.00', 'Encryption', '0.56']
CWE-79 Improper Neutralization of Input During Web Page Generation ('Cross-site Scripting'): ['UI/GUI', '12.65', 'Sanitize', '16.30', 'Transfering', '1.24', 'WebAppService', '3.35']
CWE-257 Storing Passwords in a Recoverable Format: ['Owner', '3.63', 'User', '3.00', 'Encryption', '0.56', 'Client/Server', '3.27']
CWE-57 Path Equivalence: 'fakedir/../realdir/filename': ['Sanitize', '13.86']
CWE-219 Sensitive Data Under Web Root: ['DB/DNS/IDS/FW', '3.40', 'Client/Server', '3.27', 'WebAppService', '2.57']
CWE-862 Missing Authorization: ['Owner', '4.23', 'User', '3.49']
CWE-62 UNIX Hard Link: ['Owner', '3.63', 'User', '3.00']
CWE-242 Use of Inherently Dangerous Function: ['Trust', '0.34']
CWE-234 Failure to Handle Missing Parameter: ['Sanitize', '13.86']
CWE-370 Missing Check for Certificate Revocation after Initial Check: ['Trust', '0.34']
CWE-360 Trust of System Event Data: ['Trust', '0.34']
CWE-256 Plaintext Storage of a Password: ['Owner', '3.63', 'User', '3.00', 'Client/Server', '3.27']
CWE-56 Path Equivalence: 'filedir*' (Wildcard): ['Sanitize', '13.86']
CWE-37 Path Traversal: '/absolute/pathname/here': ['Sanitize', '13.86']
CWE-497 Exposure of System Data to an Unauthorized Control Sphere: ['Owner', '3.63', 'User', '3.00', 'Trust', '0.34']
CWE-784 Reliance on Cookies without Validation and Integrity Checking in a Security Decision: ['Trust', '0.34', 'Spoofing', '0.31', 'Tampering', '0.31']
CWE-300 Channel Accessible by Non-Endpoint ('Man-in-the-Middle'): ['Owner', '3.63', 'User', '3.00', 'Transformation', '1.05', 'Transfering', '1.05', 'Trust', '0.34', 'DB/DNS/IDS/FW', '3.40', 'Spoofing', '0.31', 'Tampering', '0.31', 'Encryption', '0.56']
CWE-112 Missing XML Validation: ['Sanitize', '13.86', 'Trust', '0.34', 'DB/DNS/IDS/FW', '3.40', 'Thirdparty', '2.52', 'WebAppService', '2.57']
CWE-157 Failure to Sanitize Paired Delimiters: ['Sanitize', '13.86']
CWE-374 Passing Mutable Objects to an Untrusted Method: ['Trust', '0.34']
CWE-142 Improper Neutralization of Value Delimiters: ['Sanitize', '13.86', 'Transfering', '1.05', 'Trust', '0.34']
CWE-14 Compiler Removal of Code to Clear Buffers: ['Transformation', '1.05']
CWE-754 Improper Check for Unusual or Exceptional Conditions: ['ErrorHandling', '1.84']
CWE-327 Use of a Broken or Risky Cryptographic Algorithm: ['Trust', '0.44', 'Encryption', '0.40']
CWE-424 Improper Protection of Alternate Path: ['Owner', '3.63', 'User', '3.00']
CWE-226 Sensitive Information Uncleared Before Release: ['Sanitize', '13.86']
CWE-46 Path Equivalence: 'filename ' (Trailing Space): ['Sanitize', '13.86']
CWE-405 Asymmetric Resource Consumption (Amplification): ['TimeOut', '7.99']
CWE-117 Improper Output Neutralization for Logs: ['Sanitize', '13.86', 'Logs', '11.02']
CWE-447 Unimplemented or Unsupported Feature in UI: ['Owner', '3.63', 'User', '3.00', 'UI/GUI', '10.75']
CWE-641 Improper Restriction of Names for Files and Other Resources: ['Owner', '3.63', 'User', '3.00', 'UI/GUI', '10.75']
CWE-64 Windows Shortcut Following (.LNK): ['Owner', '3.63', 'User', '3.00']
CWE-277 Insecure Inherited Permissions: ['Owner', '3.63', 'User', '3.00', 'Trust', '0.34']
CWE-82 Improper Neutralization of Script in Attributes of IMG Tags in a Web Page: ['Sanitize', '13.86', 'WebAppService', '2.57']
CWE-47 Path Equivalence: ' filename' (Leading Space): ['Sanitize', '13.86']
CWE-654 Reliance on a Single Factor in a Security Decision: ['Trust', '0.34']
CWE-349 Acceptance of Extraneous Untrusted Data With Trusted Data: ['Trust', '0.34', 'Tampering', '0.31']
CWE-436 Interpretation Conflict: ['UI/GUI', '10.75', 'Trust', '0.34']
CWE-645 Overly Restrictive Account Lockout Mechanism: ['TimeOut', '7.99']
CWE-129 Improper Validation of Array Index: ['Max-Min', '7.99']
CWE-52 Path Equivalence: '/multiple/trailing/slash//': ['Sanitize', '13.86']
CWE-120 Buffer Copy without Checking Size of Input ('Classic Buffer Overflow'): ['Owner', '4.23', 'User', '3.49', 'Max-Min', '9.40']
CWE-210 Information Exposure Through Generated Error Message: ['ErrorHandling', '1.84']
CWE-296 Improper Following of Chain of Trust for Certificate Validation: ['Trust', '0.34']
CWE-309 Use of Password System for Primary Authentication: ['Owner', '3.63', 'User', '3.00', 'UI/GUI', '10.75', 'Encryption', '0.56']
CWE-511 Logic/Time Bomb: ['Owner', '3.63', 'User', '3.00', 'UI/GUI', '10.75']
CWE-177 Improper Handling of URL Encoding (Hex Encoding): ['Sanitize', '13.86', 'WebAppService', '2.57']
CWE-446 UI Discrepancy for Security Feature: ['Owner', '3.63', 'User', '3.00', 'UI/GUI', '10.75', 'Trust', '0.34']
CWE-449 The UI Performs the Wrong Action: ['Owner', '3.63', 'User', '3.00', 'UI/GUI', '10.75']
CWE-191 Integer Underflow (Wrap or Wraparound): ['Max-Min', '7.99']
CWE-128 Wrap-around Error: ['Max-Min', '7.99', 'ErrorHandling', '1.84']
CWE-159 Failure to Sanitize Special Element: ['Sanitize', '13.86']
CWE-167 Improper Handling of Additional Special Element: ['Sanitize', '13.86', 'Trust', '0.34']
CWE-263 Password Aging with Long Expiration: ['Owner', '3.63', 'User', '3.00', 'Encryption', '0.56']
CWE-674 Uncontrolled Recursion: ['TimeOut', '7.99']
CWE-785 Use of Path Manipulation Function without Maximum-sized Buffer: ['Max-Min', '7.99']
CWE-334 Small Space of Random Values: ['Encryption', '0.56']
CWE-307 Improper Restriction of Excessive Authentication Attempts: ['Owner', '4.23', 'User', '3.49', 'TimeOut', '9.40']
CWE-236 Improper Handling of Undefined Parameters: ['Sanitize', '13.86']
CWE-798 Use of Hard-coded Credentials: ['Owner', '4.23', 'User', '3.49', 'Trust', '0.44', 'DB/DNS/IDS/FW', '4.43', 'Thirdparty', '3.28', 'Encryption', '0.40']
CWE-330 Use of Insufficiently Random Values: ['Encryption', '0.56']
CWE-172 Encoding Error: ['Sanitize', '13.86', 'Encryption', '0.56', 'ErrorHandling', '1.84']
CWE-39 Path Traversal: 'C:dirname': ['Sanitize', '13.86']
CWE-362 Concurrent Execution using Shared Resource with Improper Synchronization ('Race Condition'): ['TimeOut', '7.99']
CWE-151 Improper Neutralization of Comment Delimiters: ['Sanitize', '13.86', 'Transfering', '1.05', 'Trust', '0.34']
CWE-198 Use of Incorrect Byte Ordering: ['Transformation', '1.05', 'Transfering', '1.05', 'Trust', '0.34', 'ErrorHandling', '1.84']
CWE-208 Information Exposure Through Timing Discrepancy: ['TimeOut', '7.99']
CWE-186 Overly Restrictive Regular Expression: ['Sanitize', '13.86']
CWE-412 Unrestricted Externally Accessible Lock: ['TimeOut', '7.99']
