CWE-434 Unrestricted Upload of File with Dangerous Type14.5
CWE-300 Channel Accessible by Non-Endpoint ('Man-in-the-Middle')14.5
CWE-494 Download of Code Without Integrity Check13.5
CWE-89 Improper Neutralization of Special Elements used in an SQL Command ('SQL Injection')13.0
CWE-441 Unintended Proxy/Intermediary12.5
CWE-20 Improper Input Validation12.5
CWE-90 Improper Neutralization of Special Elements used in an LDAP Query ('LDAP Injection')12.0
CWE-798 Use of Hard-coded Credentials12.0
CWE-78 Improper Neutralization of Special Elements used in an OS Command ('OS Command Injection')12.0
CWE-22 Improper Limitation of a Pathname to a Restricted Directory ('Path Traversal')12.0
CWE-406 Insufficient Control of Network Message Volume (Network Amplification)11.5
CWE-91 XML Injection (aka Blind XPath Injection)11.0
CWE-77 Improper Neutralization of Special Elements used in a Command ('Command Injection')11.0
CWE-538 File and Directory Information Exposure11.0
CWE-114 Process Control11.0
CWE-807 Reliance on Untrusted Inputs in a Security Decision10.5
CWE-471 Modification of Assumed-Immutable Data (MAID)10.5
CWE-602 Client-Side Enforcement of Server-Side Security10.0
CWE-400 Uncontrolled Resource Consumption ('Resource Exhaustion')10.0
CWE-358 Improperly Implemented Security Check for Standard10.0
CWE-113 Improper Neutralization of CRLF Sequences in HTTP Headers ('HTTP Response Splitting')10.0
CWE-301 Reflection Attack in an Authentication Protocol9.5
CWE-123 Write-what-where Condition9.5
CWE-294 Authentication Bypass by Capture-replay9.0
CWE-778 Insufficient Logging8.5
CWE-322 Key Exchange without Entity Authentication8.5
CWE-302 Authentication Bypass by Assumed-Immutable Data8.5
CWE-112 Missing XML Validation8.5
CWE-73 External Control of File Name or Path8.0
CWE-450 Multiple Interpretations of UI Input8.0
CWE-446 UI Discrepancy for Security Feature8.0
CWE-377 Insecure Temporary File8.0
CWE-308 Use of Single-factor Authentication8.0
CWE-250 Execution with Unnecessary Privileges8.0
CWE-23 Relative Path Traversal8.0
CWE-115 Misinterpretation of Input8.0
CWE-640 Weak Password Recovery Mechanism for Forgotten Password7.5
CWE-620 Unverified Password Change7.5
CWE-309 Use of Password System for Primary Authentication7.5
CWE-285 Improper Authorization7.5
CWE-267 Privilege Defined With Unsafe Actions7.5
CWE-97 Improper Neutralization of Server-Side Includes (SSI) Within a Web Page7.0
CWE-79 Improper Neutralization of Input During Web Page Generation ('Cross-site Scripting')7.0
CWE-74 Improper Neutralization of Special Elements in Output Used by a Downstream Component ('Injection')7.0
CWE-420 Unprotected Alternate Channel7.0
CWE-419 Unprotected Primary Channel7.0
CWE-359 Privacy Violation7.0
CWE-345 Insufficient Verification of Data Authenticity7.0
CWE-286 Incorrect User Management7.0
CWE-276 Incorrect Default Permissions7.0
CWE-266 Incorrect Privilege Assignment7.0
CWE-293 Using Referer Field for Authentication6.5
CWE-257 Storing Passwords in a Recoverable Format6.5
CWE-247 Reliance on DNS Lookups in a Security Decision6.5
CWE-93 Improper Neutralization of CRLF Sequences ('CRLF Injection')6.0
CWE-646 Reliance on File Name or Extension of Externally-Supplied File6.0
CWE-641 Improper Restriction of Names for Files and Other Resources6.0
CWE-639 Authorization Bypass Through User-Controlled Key6.0
CWE-601 URL Redirection to Untrusted Site ('Open Redirect')6.0
CWE-511 Logic/Time Bomb6.0
CWE-497 Exposure of System Data to an Unauthorized Control Sphere6.0
CWE-451 UI Misrepresentation of Critical Information6.0
CWE-449 The UI Performs the Wrong Action6.0
CWE-448 Obsolete Feature in UI6.0
CWE-447 Unimplemented or Unsupported Feature in UI6.0
CWE-379 Creation of Temporary File in Directory with Incorrect Permissions6.0
CWE-378 Creation of Temporary File With Insecure Permissions6.0
CWE-357 Insufficient UI Warning of Dangerous Operations6.0
CWE-356 Product UI does not Warn User of Unsafe Actions6.0
CWE-307 Improper Restriction of Excessive Authentication Attempts6.0
CWE-288 Authentication Bypass Using an Alternate Path or Channel6.0
CWE-287 Improper Authentication6.0
CWE-283 Unverified Ownership6.0
CWE-282 Improper Ownership Management6.0
CWE-278 Insecure Preserved Inherited Permissions6.0
CWE-277 Insecure Inherited Permissions6.0
CWE-272 Least Privilege Violation6.0
CWE-269 Improper Privilege Management6.0
CWE-268 Privilege Chaining6.0
CWE-184 Incomplete Blacklist6.0
CWE-183 Permissive Whitelist6.0
CWE-138 Improper Neutralization of Special Elements6.0
CWE-120 Buffer Copy without Checking Size of Input ('Classic Buffer Overflow')6.0
CWE-836 Use of Password Hash Instead of Password for Authentication5.5
CWE-693 Protection Mechanism Failure5.5
CWE-472 External Control of Assumed-Immutable Web Parameter5.5
CWE-350 Improperly Trusted Reverse DNS5.5
CWE-319 Cleartext Transmission of Sensitive Information5.5
CWE-297 Improper Validation of Host-specific Certificate Data5.5
CWE-292 Trusting Self-reported DNS Name5.5
CWE-263 Password Aging with Long Expiration5.5
CWE-262 Not Using Password Aging5.5
CWE-261 Weak Cryptography for Passwords5.5
CWE-260 Password in Configuration File5.5
CWE-259 Use of Hard-coded Password5.5
CWE-258 Empty Password in Configuration File5.5
CWE-88 Argument Injection or Modification5.0
CWE-863 Incorrect Authorization5.0
CWE-862 Missing Authorization5.0
CWE-842 Placement of User into Incorrect Group5.0
CWE-799 Improper Control of Interaction Frequency5.0
CWE-784 Reliance on Cookies without Validation and Integrity Checking in a Security Decision5.0
CWE-732 Incorrect Permission Assignment for Critical Resource5.0
CWE-638 Not Using Complete Mediation5.0
CWE-421 Race Condition During Access to Alternate Channel5.0
CWE-306 Missing Authentication for Critical Function5.0
CWE-280 Improper Handling of Insufficient Permissions or Privileges 5.0
CWE-270 Privilege Context Switching Error5.0
CWE-256 Plaintext Storage of a Password5.0
CWE-220 Sensitive Data Under FTP Root5.0
CWE-198 Use of Incorrect Byte Ordering5.0
CWE-165 Improper Neutralization of Multiple Internal Special Elements5.0
CWE-164 Improper Neutralization of Internal Special Elements5.0
CWE-163 Improper Neutralization of Multiple Trailing Special Elements5.0
CWE-162 Improper Neutralization of Trailing Special Elements5.0
CWE-161 Improper Neutralization of Multiple Leading Special Elements5.0
CWE-160 Improper Neutralization of Leading Special Elements5.0
CWE-158 Improper Neutralization of Null Byte or NUL Character5.0
CWE-156 Improper Neutralization of Whitespace5.0
CWE-155 Improper Neutralization of Wildcards or Matching Symbols5.0
CWE-154 Improper Neutralization of Variable Name Delimiters5.0
CWE-153 Improper Neutralization of Substitution Characters5.0
CWE-152 Improper Neutralization of Macro Symbols5.0
CWE-151 Improper Neutralization of Comment Delimiters5.0
CWE-150 Improper Neutralization of Escape Meta or Control Sequences5.0
CWE-147 Improper Neutralization of Input Terminators5.0
CWE-146 Improper Neutralization of Expression/Command Delimiters5.0
CWE-145 Improper Neutralization of Section Delimiters5.0
CWE-144 Improper Neutralization of Line Delimiters5.0
CWE-143 Improper Neutralization of Record Delimiters5.0
CWE-142 Improper Neutralization of Value Delimiters5.0
CWE-141 Improper Neutralization of Parameter/Argument Delimiters5.0
CWE-134 Uncontrolled Format String5.0
CWE-804 Guessable CAPTCHA4.5
CWE-502 Deserialization of Untrusted Data4.5
CWE-367 Time-of-check Time-of-use (TOCTOU) Race Condition4.5
CWE-353 Missing Support for Integrity Check4.5
CWE-327 Use of a Broken or Risky Cryptographic Algorithm4.5
CWE-317 Plaintext Storage in GUI4.5
CWE-211 Information Exposure Through External Error Message4.5
CWE-172 Encoding Error4.5
CWE-96 Improper Neutralization of Directives in Statically Saved Code ('Static Code Injection')4.0
CWE-837 Improper Enforcement of a Single Unique Action4.0
CWE-80 Improper Neutralization of Script-Related HTML Tags in a Web Page (Basic XSS)4.0
CWE-782 Exposed IOCTL with Insufficient Access Control4.0
CWE-708 Incorrect Ownership Assignment4.0
CWE-655 Insufficient Psychological Acceptability4.0
CWE-652 Improper Neutralization of Data within XQuery Expressions ('XQuery Injection')4.0
CWE-65 Windows Hard Link4.0
CWE-648 Incorrect Use of Privileged APIs4.0
CWE-642 External Control of Critical State Data4.0
CWE-64 Windows Shortcut Following (.LNK)4.0
CWE-637 Unnecessary Complexity in Protection Mechanism (Not Using 'Economy of Mechanism')4.0
CWE-62 UNIX Hard Link4.0
CWE-454 External Initialization of Trusted Variables or Data Stores4.0
CWE-436 Interpretation Conflict4.0
CWE-424 Improper Protection of Alternate Path4.0
CWE-422 Unprotected Windows Messaging Channel ('Shatter')4.0
CWE-404 Improper Resource Shutdown or Release4.0
CWE-368 Context Switching Race Condition4.0
CWE-305 Authentication Bypass by Primary Weakness4.0
CWE-289 Authentication Bypass by Alternate Name4.0
CWE-281 Improper Preservation of Permissions4.0
CWE-279 Incorrect Execution-Assigned Permissions4.0
CWE-274 Improper Handling of Insufficient Privileges4.0
CWE-273 Improper Check for Dropped Privileges4.0
CWE-271 Privilege Dropping / Lowering Errors4.0
CWE-219 Sensitive Data Under Web Root4.0
CWE-167 Improper Handling of Additional Special Element4.0
CWE-166 Improper Handling of Missing Special Element4.0
CWE-116 Improper Encoding or Escaping of Output4.0
CWE-733 Compiler Optimization Removal or Modification of Security-critical Code3.5
CWE-656 Reliance on Security Through Obscurity3.5
CWE-349 Acceptance of Extraneous Untrusted Data With Trusted Data3.5
CWE-348 Use of Less Trusted Source3.5
CWE-347 Improper Verification of Cryptographic Signature3.5
CWE-311 Missing Encryption of Sensitive Data3.5
CWE-87 Improper Neutralization of Alternate XSS Syntax3.0
CWE-86 Improper Neutralization of Invalid Characters in Identifiers in Web Pages3.0
CWE-85 Doubled Character XSS Manipulations3.0
CWE-84 Improper Neutralization of Encoded URI Schemes in a Web Page3.0
CWE-838 Inappropriate Encoding for Output Context3.0
CWE-83 Improper Neutralization of Script in Attributes in a Web Page3.0
CWE-82 Improper Neutralization of Script in Attributes of IMG Tags in a Web Page3.0
CWE-81 Improper Neutralization of Script in an Error Message Web Page3.0
CWE-650 Trusting HTTP Permission Methods on the Server Side3.0
CWE-647 Use of Non-Canonical URL Paths for Authorization Decisions3.0
CWE-644 Improper Neutralization of HTTP Headers for Scripting Syntax3.0
CWE-643 Improper Neutralization of Data within XPath Expressions ('XPath Injection')3.0
CWE-444 Inconsistent Interpretation of HTTP Requests ('HTTP Request Smuggling')3.0
CWE-433 Unparsed Raw Web Content Delivery3.0
CWE-425 Direct Request ('Forced Browsing')3.0
CWE-222 Truncation of Security-relevant Information3.0
CWE-212 Improper Cross-boundary Removal of Sensitive Data3.0
CWE-209 Information Exposure Through an Error Message3.0
CWE-202 Exposure of Sensitive Data Through Data Queries3.0
CWE-200 Information Exposure3.0
CWE-197 Numeric Truncation Error3.0
CWE-196 Unsigned to Signed Conversion Error3.0
CWE-195 Signed to Unsigned Conversion Error3.0
CWE-177 Improper Handling of URL Encoding (Hex Encoding)3.0
CWE-135 Incorrect Calculation of Multi-Byte String Length3.0
CWE-130 Improper Handling of Length Parameter Inconsistency 3.0
CWE-117 Improper Output Neutralization for Logs3.0
CWE-707 Improper Enforcement of Message or Data Structure2.5
CWE-326 Inadequate Encryption Strength2.5
CWE-835 Loop with Unreachable Exit Condition ('Infinite Loop')2.0
CWE-779 Logging of Excessive Data2.0
CWE-76 Improper Neutralization of Equivalent Special Elements2.0
CWE-75 Failure to Sanitize Special Elements into a Different Plane (Special Element Injection)2.0
CWE-682 Incorrect Calculation2.0
CWE-67 Improper Handling of Windows Device Names2.0
CWE-654 Reliance on a Single Factor in a Security Decision2.0
CWE-605 Multiple Binds to the Same Port2.0
CWE-59 Improper Link Resolution Before File Access ('Link Following')2.0
CWE-58 Path Equivalence: Windows 8.3 Filename2.0
CWE-57 Path Equivalence: 'fakedir/../realdir/filename'2.0
CWE-56 Path Equivalence: 'filedir*' (Wildcard)2.0
CWE-55 Path Equivalence: '/./' (Single Dot Directory)2.0
CWE-54 Path Equivalence: 'filedir\' (Trailing Backslash)2.0
CWE-53 Path Equivalence: '\multiple\\internal\backslash'2.0
CWE-52 Path Equivalence: '/multiple/trailing/slash//'2.0
CWE-51 Path Equivalence: '/multiple//internal/slash'2.0
CWE-501 Trust Boundary Violation2.0
CWE-50 Path Equivalence: '//multiple/leading/slash'2.0
CWE-49 Path Equivalence: 'filename/' (Trailing Slash)2.0
CWE-48 Path Equivalence: 'file name' (Internal Whitespace)2.0
CWE-47 Path Equivalence: ' filename' (Leading Space)2.0
CWE-46 Path Equivalence: 'filename ' (Trailing Space)2.0
CWE-45 Path Equivalence: 'file...name' (Multiple Internal Dot)2.0
CWE-44 Path Equivalence: 'file.name' (Internal Dot)2.0
CWE-43 Path Equivalence: 'filename....' (Multiple Trailing Dot)2.0
CWE-42 Path Equivalence: 'filename.' (Trailing Dot)2.0
CWE-41 Improper Resolution of Path Equivalence2.0
CWE-40 Path Traversal: '\\UNC\share\name\' (Windows UNC Share)2.0
CWE-39 Path Traversal: 'C:dirname'2.0
CWE-38 Path Traversal: '\absolute\pathname\here'2.0
CWE-375 Returning a Mutable Object to an Untrusted Caller2.0
CWE-374 Passing Mutable Objects to an Untrusted Method2.0
CWE-370 Missing Check for Certificate Revocation after Initial Check2.0
CWE-37 Path Traversal: '/absolute/pathname/here'2.0
CWE-360 Trust of System Event Data2.0
CWE-36 Absolute Path Traversal2.0
CWE-35 Path Traversal: '.../...//'2.0
CWE-346 Origin Validation Error2.0
CWE-34 Path Traversal: '....//'2.0
CWE-33 Path Traversal: '....' (Multiple Dot)2.0
CWE-32 Path Traversal: '...' (Triple Dot)2.0
CWE-31 Path Traversal: 'dir\..\..\filename'2.0
CWE-30 Path Traversal: '\dir\..\filename'2.0
CWE-299 Improper Check for Certificate Revocation2.0
CWE-298 Improper Validation of Certificate Expiration2.0
CWE-296 Improper Following of Chain of Trust for Certificate Validation2.0
CWE-29 Path Traversal: '\..\filename'2.0
CWE-28 Path Traversal: '..\filedir'2.0
CWE-27 Path Traversal: 'dir/../../filename'2.0
CWE-26 Path Traversal: '/dir/../filename'2.0
CWE-25 Path Traversal: '/../filedir'2.0
CWE-248 Uncaught Exception2.0
CWE-242 Use of Inherently Dangerous Function2.0
CWE-24 Path Traversal: '../filedir'2.0
CWE-236 Improper Handling of Undefined Parameters2.0
CWE-235 Improper Handling of Extra Parameters2.0
CWE-234 Failure to Handle Missing Parameter2.0
CWE-232 Improper Handling of Undefined Values2.0
CWE-231 Improper Handling of Extra Values2.0
CWE-226 Sensitive Information Uncleared Before Release2.0
CWE-194 Unexpected Sign Extension2.0
CWE-193 Off-by-one Error2.0
CWE-190 Integer Overflow or Wraparound2.0
CWE-186 Overly Restrictive Regular Expression2.0
CWE-185 Incorrect Regular Expression2.0
CWE-178 Improper Handling of Case Sensitivity2.0
CWE-176 Improper Handling of Unicode Encoding2.0
CWE-175 Improper Handling of Mixed Encoding2.0
CWE-174 Double Decoding of the Same Data2.0
CWE-173 Improper Handling of Alternate Encoding2.0
CWE-170 Improper Null Termination2.0
CWE-168 Improper Handling of Inconsistent Special Elements2.0
CWE-159 Failure to Sanitize Special Element2.0
CWE-157 Failure to Sanitize Paired Delimiters2.0
CWE-131 Incorrect Calculation of Buffer Size2.0
CWE-128 Wrap-around Error2.0
CWE-649 Reliance on Obfuscation or Encryption of Security-Relevant Inputs without Integrity Checking1.5
CWE-354 Improper Validation of Integrity Check Value1.5
CWE-343 Predictable Value Range from Previous Values1.5
CWE-342 Predictable Exact Value from Previous Values1.5
CWE-339 Small Seed Space in PRNG1.5
CWE-338 Use of Cryptographically Weak PRNG1.5
CWE-337 Predictable Seed in PRNG1.5
CWE-336 Same Seed in PRNG1.5
CWE-335 PRNG Seed Error1.5
CWE-334 Small Space of Random Values1.5
CWE-333 Improper Handling of Insufficient Entropy in TRNG1.5
CWE-332 Insufficient Entropy in PRNG1.5
CWE-331 Insufficient Entropy1.5
CWE-330 Use of Insufficiently Random Values1.5
CWE-329 Not Using a Random IV with CBC Mode1.5
CWE-325 Missing Required Cryptographic Step1.5
CWE-324 Use of a Key Past its Expiration Date1.5
CWE-323 Reusing a Nonce Key Pair in Encryption1.5
CWE-321 Use of Hard-coded Cryptographic Key1.5
CWE-318 Plaintext Storage in Executable1.5
CWE-316 Plaintext Storage in Memory1.5
CWE-315 Plaintext Storage in a Cookie1.5
CWE-314 Plaintext Storage in the Registry1.5
CWE-313 Plaintext Storage in a File or on Disk1.5
CWE-805 Buffer Access with Incorrect Length Value1.0
CWE-789 Uncontrolled Memory Allocation1.0
CWE-785 Use of Path Manipulation Function without Maximum-sized Buffer1.0
CWE-767 Access to Critical Private Variable via Public Method1.0
CWE-754 Improper Check for Unusual or Exceptional Conditions1.0
CWE-705 Incorrect Control Flow Scoping1.0
CWE-704 Incorrect Type Conversion or Cast1.0
CWE-691 Insufficient Control Flow Management1.0
CWE-674 Uncontrolled Recursion1.0
CWE-653 Insufficient Compartmentalization1.0
CWE-651 Information Exposure Through WSDL File1.0
CWE-645 Overly Restrictive Account Lockout Mechanism1.0
CWE-558 Use of getlogin() in Multithreaded Application1.0
CWE-543 Use of Singleton Pattern Without Synchronization in a Multithreaded Context1.0
CWE-455 Non-exit on Failed Initialization1.0
CWE-435 Interaction Error1.0
CWE-432 Dangerous Signal Handler not Disabled During Sensitive Operations1.0
CWE-414 Missing Lock Check1.0
CWE-413 Improper Resource Locking1.0
CWE-412 Unrestricted Externally Accessible Lock1.0
CWE-405 Asymmetric Resource Consumption (Amplification)1.0
CWE-394 Unexpected Status Code or Return Value1.0
CWE-393 Return of Wrong Status Code1.0
CWE-392 Missing Report of Error Condition1.0
CWE-391 Unchecked Error Condition1.0
CWE-390 Detection of Error Condition Without Action1.0
CWE-385 Covert Timing Channel1.0
CWE-366 Race Condition within a Thread1.0
CWE-365 Race Condition in Switch1.0
CWE-364 Signal Handler Race Condition1.0
CWE-363 Race Condition Enabling Link Following1.0
CWE-362 Concurrent Execution using Shared Resource with Improper Synchronization ('Race Condition')1.0
CWE-252 Unchecked Return Value1.0
CWE-210 Information Exposure Through Generated Error Message1.0
CWE-208 Information Exposure Through Timing Discrepancy1.0
CWE-191 Integer Underflow (Wrap or Wraparound)1.0
CWE-179 Incorrect Behavior Order: Early Validation1.0
CWE-14 Compiler Removal of Code to Clear Buffers1.0
CWE-129 Improper Validation of Array Index1.0
CWE-127 Buffer Under-read1.0
CWE-126 Buffer Over-read1.0
CWE-125 Out-of-bounds Read1.0
CWE-124 Buffer Underwrite ('Buffer Underflow')1.0
CWE-122 Heap-based Buffer Overflow1.0
CWE-121 Stack-based Buffer Overflow1.0
CWE-119 Improper Restriction of Operations within the Bounds of a Memory Buffer1.0
CWE-118 Improper Access of Indexable Resource ('Range Error')1.0
